1536599698226	geckodriver	INFO	geckodriver 0.21.0
1536599698231	geckodriver	INFO	Listening on 127.0.0.1:58561
1536599699236	mozrunner::runner	INFO	Running command: "/usr/bin/firefox" "-marionette" "-foreground" "-no-remote" "-profile" "/tmp/rust_mozprofile.FfRtwuXyqN0q"
1536599702116	Marionette	INFO	Listening on port 39283
1536599702153	Marionette	WARN	TLS certificate errors will be ignored for this session
1536599702223	Marionette	DEBUG	[2147483649] Frame script loaded
1536599702245	Marionette	DEBUG	[2147483649] Frame script registered
1536599702283	Marionette	DEBUG	[2147483649] Received DOM event beforeunload for about:blank
1536599704381	Marionette	DEBUG	[2147483649] Received DOM event pagehide for about:blank
1536599708458	Marionette	DEBUG	[2147483649] Received DOM event DOMContentLoaded for https://www.google.co.in/search?q=gello+boy
1536599716550	Marionette	DEBUG	[2147483649] Received DOM event pageshow for https://www.google.co.in/search?q=gello+boy
1536599716706	Marionette	DEBUG	[2147483649] Received DOM event beforeunload for https://www.google.co.in/search?q=gello+boy
1536599716986	Marionette	DEBUG	[2147483649] Received DOM event pagehide for https://www.google.co.in/search?q=gello+boy
1536599716992	Marionette	DEBUG	[2147483649] Received DOM event unload for https://www.google.co.in/search?q=gello+boy
1536599719813	Marionette	DEBUG	[2147483649] Received DOM event DOMContentLoaded for https://www.google.co.in/search?q=gello+boy&source=lnms&tbm=isch&sa=X&ved=0ahUKEwj77qP897DdAhVKqo8KHbA5BDQQ_AUICigB&biw=1299&bih=639
1536599723356	Marionette	DEBUG	[2147483649] Received DOM event beforeunload for https://www.google.co.in/search?q=gello+boy&source=lnms&tbm=isch&sa=X&ved=0ahUKEwj77qP897DdAhVKqo8KHbA5BDQQ_AUICigB&biw=1299&bih=639
1536599723374	Marionette	DEBUG	[2147483649] Received DOM event unload for https://www.google.co.in/search?q=gello+boy&source=lnms&tbm=isch&sa=X&ved=0ahUKEwj77qP897DdAhVKqo8KHbA5BDQQ_AUICigB&biw=1299&bih=639
1536599723386	Marionette	DEBUG	[2147483649] Received observer notification outer-window-destroyed for 2147483649
[Parent 9715, Gecko_IOThread] WARNING: pipe error (64): Connection reset by peer: file /build/firefox-QQUBmW/firefox-62.0+build2/ipc/chromium/src/chrome/common/ipc_channel_posix.cc, line 353
1536599723964	Marionette	INFO	Stopped listening on port 39283
1536599830921	geckodriver	INFO	geckodriver 0.21.0
1536599830926	geckodriver	INFO	Listening on 127.0.0.1:52881
1536599831933	mozrunner::runner	INFO	Running command: "/usr/bin/firefox" "-marionette" "-foreground" "-no-remote" "-profile" "/tmp/rust_mozprofile.SGE5LBB4X2wJ"
1536599834663	Marionette	INFO	Listening on port 33167
1536599834745	Marionette	WARN	TLS certificate errors will be ignored for this session
1536599834791	Marionette	DEBUG	[2147483649] Frame script loaded
1536599834808	Marionette	DEBUG	[2147483649] Frame script registered
1536599834827	Marionette	DEBUG	[2147483649] Received DOM event beforeunload for about:blank
1536599837412	Marionette	DEBUG	[2147483649] Received DOM event pagehide for about:blank
1536599838078	Marionette	DEBUG	[2147483649] Received DOM event DOMContentLoaded for https://www.google.co.in/search?q=pp+oo
1536599841398	Marionette	DEBUG	[2147483649] Received DOM event pageshow for https://www.google.co.in/search?q=pp+oo
1536599841558	Marionette	DEBUG	[2147483649] Received DOM event beforeunload for https://www.google.co.in/search?q=pp+oo
1536599841761	Marionette	DEBUG	[2147483649] Received DOM event pagehide for https://www.google.co.in/search?q=pp+oo
1536599841762	Marionette	DEBUG	[2147483649] Received DOM event unload for https://www.google.co.in/search?q=pp+oo
1536599842813	Marionette	DEBUG	[2147483649] Received DOM event DOMContentLoaded for https://www.google.co.in/search?q=pp+oo&source=lnms&tbm=isch&sa=X&ved=0ahUKEwinsNu7-LDdAhUIK48KHUyxCXcQ_AUIDygC&biw=1299&bih=639
1536599845684	Marionette	DEBUG	[2147483649] Received DOM event pageshow for https://www.google.co.in/search?q=pp+oo&source=lnms&tbm=isch&sa=X&ved=0ahUKEwinsNu7-LDdAhUIK48KHUyxCXcQ_AUIDygC&biw=1299&bih=639
1536599846577	Marionette	INFO	Stopped listening on port 33167
1545900057599	geckodriver	INFO	geckodriver 0.21.0
1545900057687	geckodriver	INFO	Listening on 127.0.0.1:46577
1545900058612	mozrunner::runner	INFO	Running command: "/usr/bin/firefox" "-marionette" "-foreground" "-no-remote" "-profile" "/tmp/rust_mozprofile.wK1XZlqdGIpj"
1545900059607	addons.webextension.screenshots@mozilla.org	WARN	Loading extension 'screenshots@mozilla.org': Reading manifest: Invalid host permission: resource://pdf.js/
1545900059607	addons.webextension.screenshots@mozilla.org	WARN	Loading extension 'screenshots@mozilla.org': Reading manifest: Invalid host permission: about:reader*
1545900059850	Marionette	DEBUG	Received observer notification profile-after-change
1545900060223	Marionette	DEBUG	Received observer notification command-line-startup
1545900060223	Marionette	DEBUG	Received observer notification nsPref:changed
1545900060223	Marionette	DEBUG	Init aborted (running=false, enabled=true, finalUIStartup=false)
1545900061050	Marionette	DEBUG	Received observer notification toplevel-window-ready

(firefox:10906): LIBDBUSMENU-GLIB-WARNING **: 14:11:01.897: Unable to get session bus: Could not connect: Permission denied

(firefox:10906): dconf-CRITICAL **: 14:11:02.385: unable to create directory '/run/user/0/dconf': Permission denied.  dconf will not work properly.

(firefox:10906): dconf-CRITICAL **: 14:11:02.386: unable to create directory '/run/user/0/dconf': Permission denied.  dconf will not work properly.

(firefox:10906): dconf-CRITICAL **: 14:11:02.386: unable to create directory '/run/user/0/dconf': Permission denied.  dconf will not work properly.

(firefox:10906): dconf-CRITICAL **: 14:11:02.386: unable to create directory '/run/user/0/dconf': Permission denied.  dconf will not work properly.

(firefox:10906): dconf-CRITICAL **: 14:11:02.386: unable to create directory '/run/user/0/dconf': Permission denied.  dconf will not work properly.

(firefox:10906): dconf-CRITICAL **: 14:11:02.576: unable to create directory '/run/user/0/dconf': Permission denied.  dconf will not work properly.

(firefox:10906): dconf-CRITICAL **: 14:11:02.577: unable to create directory '/run/user/0/dconf': Permission denied.  dconf will not work properly.
1545900062687	Marionette	DEBUG	Received observer notification sessionstore-windows-restored
1545900062688	Marionette	DEBUG	Waiting for delayed startup...
1545900062840	Marionette	DEBUG	Setting recommended pref app.update.disabledForTesting to true
1545900062841	Marionette	DEBUG	Setting recommended pref security.turn_off_all_security_so_that_viruses_can_take_over_this_computer to true
1545900062841	Marionette	DEBUG	Setting recommended pref apz.content_response_timeout to 60000
1545900062842	Marionette	DEBUG	Setting recommended pref browser.contentblocking.introCount to 99
1545900062842	Marionette	DEBUG	Setting recommended pref browser.download.panel.shown to true
1545900062842	Marionette	DEBUG	Setting recommended pref browser.newtabpage.enabled to false
1545900062842	Marionette	DEBUG	Setting recommended pref browser.pagethumbnails.capturing_disabled to true
1545900062842	Marionette	DEBUG	Setting recommended pref browser.search.update to false
1545900062843	Marionette	DEBUG	Setting recommended pref browser.tabs.disableBackgroundZombification to false
1545900062843	Marionette	DEBUG	Setting recommended pref browser.tabs.warnOnCloseOtherTabs to false
1545900062843	Marionette	DEBUG	Setting recommended pref browser.tabs.warnOnOpen to false
1545900062843	Marionette	DEBUG	Setting recommended pref browser.usedOnWindows10.introURL to 
1545900062843	Marionette	DEBUG	Setting recommended pref browser.urlbar.suggest.searches to false
1545900062844	Marionette	DEBUG	Setting recommended pref datareporting.policy.dataSubmissionPolicyAccepted to false
1545900062844	Marionette	DEBUG	Setting recommended pref dom.disable_beforeunload to true
1545900062844	Marionette	DEBUG	Setting recommended pref dom.disable_open_during_load to false
1545900062844	Marionette	DEBUG	Setting recommended pref dom.file.createInChild to true
1545900062844	Marionette	DEBUG	Setting recommended pref dom.max_chrome_script_run_time to 0
1545900062844	Marionette	DEBUG	Setting recommended pref dom.max_script_run_time to 0
1545900062845	Marionette	DEBUG	Setting recommended pref extensions.getAddons.cache.enabled to false
1545900062845	Marionette	DEBUG	Setting recommended pref extensions.webservice.discoverURL to http://%(server)s/dummy/discoveryURL
1545900062845	Marionette	DEBUG	Setting recommended pref network.http.prompt-temp-redirect to false
1545900062845	Marionette	DEBUG	Setting recommended pref network.http.speculative-parallel-limit to 0
1545900062845	Marionette	DEBUG	Setting recommended pref security.fileuri.strict_origin_policy to false
1545900062845	Marionette	DEBUG	Setting recommended pref security.notification_enable_delay to 0
1545900062845	Marionette	DEBUG	Setting recommended pref signon.autofillForms to false
1545900062845	Marionette	DEBUG	Setting recommended pref signon.rememberSignons to false
1545900062846	Marionette	DEBUG	Setting recommended pref toolkit.cosmeticAnimations.enabled to false
1545900063029	Marionette	INFO	Listening on port 33073
1545900063029	Marionette	DEBUG	Remote service is active
1545900063038	Marionette	DEBUG	Accepted connection 0 from 127.0.0.1:34910
1545900063042	Marionette	TRACE	0 -> [0,1,"WebDriver:NewSession",{"acceptInsecureCerts":true,"browserName":"firefox","capabilities":{"desiredCapabilities":{"acceptInsecureCerts":true,"browserName":"firefox"}}}]
1545900063043	Marionette	WARN	TLS certificate errors will be ignored for this session

(firefox:10906): dconf-CRITICAL **: 14:11:03.069: unable to create directory '/run/user/0/dconf': Permission denied.  dconf will not work properly.

(firefox:10906): dconf-CRITICAL **: 14:11:03.069: unable to create directory '/run/user/0/dconf': Permission denied.  dconf will not work properly.
1545900063091	Marionette	DEBUG	[4294967297] Frame script loaded
1545900063161	Marionette	DEBUG	[4294967297] Frame script registered
1545900063176	Marionette	TRACE	0 <- [1,1,null,{"sessionId":"68e02d1a-7308-4c5b-acfa-be46712ade27","capabilities":{"browserName":"firefox","browserVersion":"64.0" ... alse,"moz:webdriverClick":true,"capabilities":{"desiredCapabilities":{"acceptInsecureCerts":true,"browserName":"firefox"}}}}]
1545900063183	Marionette	TRACE	0 -> [0,2,"WebDriver:Navigate",{"url":"https://www.google.co.in/search?q=hello+shivansh"}]
1545900063237	Marionette	DEBUG	[4294967297] Received DOM event beforeunload for about:blank

(firefox:10906): dconf-CRITICAL **: 14:11:03.261: unable to create directory '/run/user/0/dconf': Permission denied.  dconf will not work properly.

(firefox:10906): dconf-CRITICAL **: 14:11:03.262: unable to create directory '/run/user/0/dconf': Permission denied.  dconf will not work properly.

(firefox:10906): dconf-CRITICAL **: 14:11:04.178: unable to create directory '/run/user/0/dconf': Permission denied.  dconf will not work properly.

(firefox:10906): dconf-CRITICAL **: 14:11:04.178: unable to create directory '/run/user/0/dconf': Permission denied.  dconf will not work properly.

(firefox:10906): dconf-CRITICAL **: 14:11:04.562: unable to create directory '/run/user/0/dconf': Permission denied.  dconf will not work properly.

(firefox:10906): dconf-CRITICAL **: 14:11:04.562: unable to create directory '/run/user/0/dconf': Permission denied.  dconf will not work properly.

(firefox:10906): dconf-CRITICAL **: 14:11:05.349: unable to create directory '/run/user/0/dconf': Permission denied.  dconf will not work properly.

(firefox:10906): dconf-CRITICAL **: 14:11:05.349: unable to create directory '/run/user/0/dconf': Permission denied.  dconf will not work properly.
1545900065366	Marionette	DEBUG	[4294967297] Received DOM event pagehide for about:blank

(firefox:10906): dconf-CRITICAL **: 14:11:05.435: unable to create directory '/run/user/0/dconf': Permission denied.  dconf will not work properly.

(firefox:10906): dconf-CRITICAL **: 14:11:05.435: unable to create directory '/run/user/0/dconf': Permission denied.  dconf will not work properly.

(firefox:10906): dconf-CRITICAL **: 14:11:05.442: unable to create directory '/run/user/0/dconf': Permission denied.  dconf will not work properly.

(firefox:10906): dconf-CRITICAL **: 14:11:05.442: unable to create directory '/run/user/0/dconf': Permission denied.  dconf will not work properly.

(firefox:10906): dconf-CRITICAL **: 14:11:05.797: unable to create directory '/run/user/0/dconf': Permission denied.  dconf will not work properly.

(firefox:10906): dconf-CRITICAL **: 14:11:05.797: unable to create directory '/run/user/0/dconf': Permission denied.  dconf will not work properly.

(firefox:10906): dconf-CRITICAL **: 14:11:05.828: unable to create directory '/run/user/0/dconf': Permission denied.  dconf will not work properly.

(firefox:10906): dconf-CRITICAL **: 14:11:05.828: unable to create directory '/run/user/0/dconf': Permission denied.  dconf will not work properly.

(firefox:10906): dconf-CRITICAL **: 14:11:05.839: unable to create directory '/run/user/0/dconf': Permission denied.  dconf will not work properly.

(firefox:10906): dconf-CRITICAL **: 14:11:05.839: unable to create directory '/run/user/0/dconf': Permission denied.  dconf will not work properly.

(firefox:10906): dconf-CRITICAL **: 14:11:05.851: unable to create directory '/run/user/0/dconf': Permission denied.  dconf will not work properly.

(firefox:10906): dconf-CRITICAL **: 14:11:05.851: unable to create directory '/run/user/0/dconf': Permission denied.  dconf will not work properly.
1545900065851	Marionette	DEBUG	[4294967297] Received DOM event DOMContentLoaded for https://www.google.co.in/search?q=hello+shivansh

(firefox:10906): dconf-CRITICAL **: 14:11:06.071: unable to create directory '/run/user/0/dconf': Permission denied.  dconf will not work properly.

(firefox:10906): dconf-CRITICAL **: 14:11:06.071: unable to create directory '/run/user/0/dconf': Permission denied.  dconf will not work properly.

(firefox:10906): dconf-CRITICAL **: 14:11:06.349: unable to create directory '/run/user/0/dconf': Permission denied.  dconf will not work properly.

(firefox:10906): dconf-CRITICAL **: 14:11:06.349: unable to create directory '/run/user/0/dconf': Permission denied.  dconf will not work properly.

(firefox:10906): dconf-CRITICAL **: 14:11:06.415: unable to create directory '/run/user/0/dconf': Permission denied.  dconf will not work properly.

(firefox:10906): dconf-CRITICAL **: 14:11:06.415: unable to create directory '/run/user/0/dconf': Permission denied.  dconf will not work properly.

(firefox:10906): dconf-CRITICAL **: 14:11:06.440: unable to create directory '/run/user/0/dconf': Permission denied.  dconf will not work properly.

(firefox:10906): dconf-CRITICAL **: 14:11:06.440: unable to create directory '/run/user/0/dconf': Permission denied.  dconf will not work properly.

(firefox:10906): dconf-CRITICAL **: 14:11:06.442: unable to create directory '/run/user/0/dconf': Permission denied.  dconf will not work properly.

(firefox:10906): dconf-CRITICAL **: 14:11:06.442: unable to create directory '/run/user/0/dconf': Permission denied.  dconf will not work properly.

(firefox:10906): dconf-CRITICAL **: 14:11:06.708: unable to create directory '/run/user/0/dconf': Permission denied.  dconf will not work properly.

(firefox:10906): dconf-CRITICAL **: 14:11:06.708: unable to create directory '/run/user/0/dconf': Permission denied.  dconf will not work properly.

(firefox:10906): dconf-CRITICAL **: 14:11:06.813: unable to create directory '/run/user/0/dconf': Permission denied.  dconf will not work properly.

(firefox:10906): dconf-CRITICAL **: 14:11:06.813: unable to create directory '/run/user/0/dconf': Permission denied.  dconf will not work properly.

(firefox:10906): dconf-CRITICAL **: 14:11:06.842: unable to create directory '/run/user/0/dconf': Permission denied.  dconf will not work properly.

(firefox:10906): dconf-CRITICAL **: 14:11:06.842: unable to create directory '/run/user/0/dconf': Permission denied.  dconf will not work properly.

(firefox:10906): dconf-CRITICAL **: 14:11:06.847: unable to create directory '/run/user/0/dconf': Permission denied.  dconf will not work properly.

(firefox:10906): dconf-CRITICAL **: 14:11:06.847: unable to create directory '/run/user/0/dconf': Permission denied.  dconf will not work properly.

(firefox:10906): dconf-CRITICAL **: 14:11:06.931: unable to create directory '/run/user/0/dconf': Permission denied.  dconf will not work properly.

(firefox:10906): dconf-CRITICAL **: 14:11:06.931: unable to create directory '/run/user/0/dconf': Permission denied.  dconf will not work properly.

(firefox:10906): dconf-CRITICAL **: 14:11:07.000: unable to create directory '/run/user/0/dconf': Permission denied.  dconf will not work properly.

(firefox:10906): dconf-CRITICAL **: 14:11:07.001: unable to create directory '/run/user/0/dconf': Permission denied.  dconf will not work properly.

(firefox:10906): dconf-CRITICAL **: 14:11:07.079: unable to create directory '/run/user/0/dconf': Permission denied.  dconf will not work properly.

(firefox:10906): dconf-CRITICAL **: 14:11:07.079: unable to create directory '/run/user/0/dconf': Permission denied.  dconf will not work properly.

(firefox:10906): dconf-CRITICAL **: 14:11:07.293: unable to create directory '/run/user/0/dconf': Permission denied.  dconf will not work properly.

(firefox:10906): dconf-CRITICAL **: 14:11:07.294: unable to create directory '/run/user/0/dconf': Permission denied.  dconf will not work properly.

(firefox:10906): dconf-CRITICAL **: 14:11:07.572: unable to create directory '/run/user/0/dconf': Permission denied.  dconf will not work properly.

(firefox:10906): dconf-CRITICAL **: 14:11:07.573: unable to create directory '/run/user/0/dconf': Permission denied.  dconf will not work properly.

(firefox:10906): dconf-CRITICAL **: 14:11:07.573: unable to create directory '/run/user/0/dconf': Permission denied.  dconf will not work properly.
1545900067573	Marionette	DEBUG	[4294967297] Received DOM event pageshow for https://www.google.co.in/search?q=hello+shivansh

(firefox:10906): dconf-CRITICAL **: 14:11:07.574: unable to create directory '/run/user/0/dconf': Permission denied.  dconf will not work properly.
1545900067575	Marionette	TRACE	0 <- [1,2,null,{"value":null}]
1545900067578	Marionette	TRACE	0 -> [0,3,"WebDriver:FindElement",{"using":"link text","value":"Images"}]
1545900067717	Marionette	TRACE	0 <- [1,3,null,{"value":{"element-6066-11e4-a52e-4f735466cecf":"21c467d1-3cda-4f34-837a-86367594b360"}}]
1545900067719	Marionette	TRACE	0 -> [0,4,"WebDriver:ElementClick",{"id":"21c467d1-3cda-4f34-837a-86367594b360"}]

(firefox:10906): dconf-CRITICAL **: 14:11:07.728: unable to create directory '/run/user/0/dconf': Permission denied.  dconf will not work properly.

(firefox:10906): dconf-CRITICAL **: 14:11:07.728: unable to create directory '/run/user/0/dconf': Permission denied.  dconf will not work properly.
1545900067734	Marionette	DEBUG	[4294967297] Received DOM event beforeunload for https://www.google.co.in/search?q=hello+shivansh

(firefox:10906): dconf-CRITICAL **: 14:11:07.735: unable to create directory '/run/user/0/dconf': Permission denied.  dconf will not work properly.

(firefox:10906): dconf-CRITICAL **: 14:11:07.736: unable to create directory '/run/user/0/dconf': Permission denied.  dconf will not work properly.

(firefox:10906): dconf-CRITICAL **: 14:11:07.736: unable to create directory '/run/user/0/dconf': Permission denied.  dconf will not work properly.

(firefox:10906): dconf-CRITICAL **: 14:11:07.736: unable to create directory '/run/user/0/dconf': Permission denied.  dconf will not work properly.

(firefox:10906): dconf-CRITICAL **: 14:11:07.736: unable to create directory '/run/user/0/dconf': Permission denied.  dconf will not work properly.

(firefox:10906): dconf-CRITICAL **: 14:11:07.736: unable to create directory '/run/user/0/dconf': Permission denied.  dconf will not work properly.

(firefox:10906): dconf-CRITICAL **: 14:11:07.736: unable to create directory '/run/user/0/dconf': Permission denied.  dconf will not work properly.

(firefox:10906): dconf-CRITICAL **: 14:11:07.736: unable to create directory '/run/user/0/dconf': Permission denied.  dconf will not work properly.

(firefox:10906): dconf-CRITICAL **: 14:11:07.736: unable to create directory '/run/user/0/dconf': Permission denied.  dconf will not work properly.

(firefox:10906): dconf-CRITICAL **: 14:11:07.736: unable to create directory '/run/user/0/dconf': Permission denied.  dconf will not work properly.

(firefox:10906): dconf-CRITICAL **: 14:11:07.738: unable to create directory '/run/user/0/dconf': Permission denied.  dconf will not work properly.

(firefox:10906): dconf-CRITICAL **: 14:11:07.738: unable to create directory '/run/user/0/dconf': Permission denied.  dconf will not work properly.
1545900067964	Marionette	DEBUG	[4294967297] Received DOM event pagehide for https://www.google.co.in/search?q=hello+shivansh
1545900067972	Marionette	DEBUG	[4294967297] Received DOM event unload for https://www.google.co.in/search?q=hello+shivansh

(firefox:10906): dconf-CRITICAL **: 14:11:08.741: unable to create directory '/run/user/0/dconf': Permission denied.  dconf will not work properly.

(firefox:10906): dconf-CRITICAL **: 14:11:08.742: unable to create directory '/run/user/0/dconf': Permission denied.  dconf will not work properly.

(firefox:10906): dconf-CRITICAL **: 14:11:08.760: unable to create directory '/run/user/0/dconf': Permission denied.  dconf will not work properly.

(firefox:10906): dconf-CRITICAL **: 14:11:08.761: unable to create directory '/run/user/0/dconf': Permission denied.  dconf will not work properly.

(firefox:10906): dconf-CRITICAL **: 14:11:08.762: unable to create directory '/run/user/0/dconf': Permission denied.  dconf will not work properly.

(firefox:10906): dconf-CRITICAL **: 14:11:08.762: unable to create directory '/run/user/0/dconf': Permission denied.  dconf will not work properly.

(firefox:10906): dconf-CRITICAL **: 14:11:08.762: unable to create directory '/run/user/0/dconf': Permission denied.  dconf will not work properly.

(firefox:10906): dconf-CRITICAL **: 14:11:08.762: unable to create directory '/run/user/0/dconf': Permission denied.  dconf will not work properly.

(firefox:10906): dconf-CRITICAL **: 14:11:08.796: unable to create directory '/run/user/0/dconf': Permission denied.  dconf will not work properly.

(firefox:10906): dconf-CRITICAL **: 14:11:08.796: unable to create directory '/run/user/0/dconf': Permission denied.  dconf will not work properly.

(firefox:10906): dconf-CRITICAL **: 14:11:09.938: unable to create directory '/run/user/0/dconf': Permission denied.  dconf will not work properly.

(firefox:10906): dconf-CRITICAL **: 14:11:09.938: unable to create directory '/run/user/0/dconf': Permission denied.  dconf will not work properly.

(firefox:10906): dconf-CRITICAL **: 14:11:09.975: unable to create directory '/run/user/0/dconf': Permission denied.  dconf will not work properly.

(firefox:10906): dconf-CRITICAL **: 14:11:09.975: unable to create directory '/run/user/0/dconf': Permission denied.  dconf will not work properly.

(firefox:10906): dconf-CRITICAL **: 14:11:10.144: unable to create directory '/run/user/0/dconf': Permission denied.  dconf will not work properly.

(firefox:10906): dconf-CRITICAL **: 14:11:10.144: unable to create directory '/run/user/0/dconf': Permission denied.  dconf will not work properly.
1545900070323	Marionette	DEBUG	[4294967297] Received DOM event DOMContentLoaded for https://www.google.co.in/search?q=hello+shivansh&source=lnms&tbm=isch&sa=X&ved=0ahUKEwjk-frBzr_fAhXET30KHUe6AH8Q_AUIDygC&biw=1299&bih=639

(firefox:10906): dconf-CRITICAL **: 14:11:10.444: unable to create directory '/run/user/0/dconf': Permission denied.  dconf will not work properly.

(firefox:10906): dconf-CRITICAL **: 14:11:10.445: unable to create directory '/run/user/0/dconf': Permission denied.  dconf will not work properly.

(firefox:10906): dconf-CRITICAL **: 14:11:10.543: unable to create directory '/run/user/0/dconf': Permission denied.  dconf will not work properly.

(firefox:10906): dconf-CRITICAL **: 14:11:10.544: unable to create directory '/run/user/0/dconf': Permission denied.  dconf will not work properly.

(firefox:10906): dconf-CRITICAL **: 14:11:11.572: unable to create directory '/run/user/0/dconf': Permission denied.  dconf will not work properly.

(firefox:10906): dconf-CRITICAL **: 14:11:11.572: unable to create directory '/run/user/0/dconf': Permission denied.  dconf will not work properly.

(firefox:10906): dconf-CRITICAL **: 14:11:12.071: unable to create directory '/run/user/0/dconf': Permission denied.  dconf will not work properly.

(firefox:10906): dconf-CRITICAL **: 14:11:12.071: unable to create directory '/run/user/0/dconf': Permission denied.  dconf will not work properly.

(firefox:10906): dconf-CRITICAL **: 14:11:13.072: unable to create directory '/run/user/0/dconf': Permission denied.  dconf will not work properly.

(firefox:10906): dconf-CRITICAL **: 14:11:13.073: unable to create directory '/run/user/0/dconf': Permission denied.  dconf will not work properly.

(firefox:10906): dconf-CRITICAL **: 14:11:13.100: unable to create directory '/run/user/0/dconf': Permission denied.  dconf will not work properly.

(firefox:10906): dconf-CRITICAL **: 14:11:13.100: unable to create directory '/run/user/0/dconf': Permission denied.  dconf will not work properly.

(firefox:10906): dconf-CRITICAL **: 14:11:13.204: unable to create directory '/run/user/0/dconf': Permission denied.  dconf will not work properly.

(firefox:10906): dconf-CRITICAL **: 14:11:13.204: unable to create directory '/run/user/0/dconf': Permission denied.  dconf will not work properly.

(firefox:10906): dconf-CRITICAL **: 14:11:13.204: unable to create directory '/run/user/0/dconf': Permission denied.  dconf will not work properly.

(firefox:10906): dconf-CRITICAL **: 14:11:13.204: unable to create directory '/run/user/0/dconf': Permission denied.  dconf will not work properly.

(firefox:10906): dconf-CRITICAL **: 14:11:13.205: unable to create directory '/run/user/0/dconf': Permission denied.  dconf will not work properly.

(firefox:10906): dconf-CRITICAL **: 14:11:13.205: unable to create directory '/run/user/0/dconf': Permission denied.  dconf will not work properly.

(firefox:10906): dconf-CRITICAL **: 14:11:13.206: unable to create directory '/run/user/0/dconf': Permission denied.  dconf will not work properly.

(firefox:10906): dconf-CRITICAL **: 14:11:13.206: unable to create directory '/run/user/0/dconf': Permission denied.  dconf will not work properly.

(firefox:10906): dconf-CRITICAL **: 14:11:13.207: unable to create directory '/run/user/0/dconf': Permission denied.  dconf will not work properly.

(firefox:10906): dconf-CRITICAL **: 14:11:13.207: unable to create directory '/run/user/0/dconf': Permission denied.  dconf will not work properly.

(firefox:10906): dconf-CRITICAL **: 14:11:13.208: unable to create directory '/run/user/0/dconf': Permission denied.  dconf will not work properly.

(firefox:10906): dconf-CRITICAL **: 14:11:13.208: unable to create directory '/run/user/0/dconf': Permission denied.  dconf will not work properly.

(firefox:10906): dconf-CRITICAL **: 14:11:13.208: unable to create directory '/run/user/0/dconf': Permission denied.  dconf will not work properly.

(firefox:10906): dconf-CRITICAL **: 14:11:13.208: unable to create directory '/run/user/0/dconf': Permission denied.  dconf will not work properly.

(firefox:10906): dconf-CRITICAL **: 14:11:13.209: unable to create directory '/run/user/0/dconf': Permission denied.  dconf will not work properly.

(firefox:10906): dconf-CRITICAL **: 14:11:13.209: unable to create directory '/run/user/0/dconf': Permission denied.  dconf will not work properly.

(firefox:10906): dconf-CRITICAL **: 14:11:13.209: unable to create directory '/run/user/0/dconf': Permission denied.  dconf will not work properly.

(firefox:10906): dconf-CRITICAL **: 14:11:13.209: unable to create directory '/run/user/0/dconf': Permission denied.  dconf will not work properly.

(firefox:10906): dconf-CRITICAL **: 14:11:13.210: unable to create directory '/run/user/0/dconf': Permission denied.  dconf will not work properly.

(firefox:10906): dconf-CRITICAL **: 14:11:13.210: unable to create directory '/run/user/0/dconf': Permission denied.  dconf will not work properly.

(firefox:10906): dconf-CRITICAL **: 14:11:13.210: unable to create directory '/run/user/0/dconf': Permission denied.  dconf will not work properly.

(firefox:10906): dconf-CRITICAL **: 14:11:13.211: unable to create directory '/run/user/0/dconf': Permission denied.  dconf will not work properly.

(firefox:10906): dconf-CRITICAL **: 14:11:13.211: unable to create directory '/run/user/0/dconf': Permission denied.  dconf will not work properly.

(firefox:10906): dconf-CRITICAL **: 14:11:13.211: unable to create directory '/run/user/0/dconf': Permission denied.  dconf will not work properly.

(firefox:10906): dconf-CRITICAL **: 14:11:13.243: unable to create directory '/run/user/0/dconf': Permission denied.  dconf will not work properly.

(firefox:10906): dconf-CRITICAL **: 14:11:13.244: unable to create directory '/run/user/0/dconf': Permission denied.  dconf will not work properly.

(firefox:10906): dconf-CRITICAL **: 14:11:13.285: unable to create directory '/run/user/0/dconf': Permission denied.  dconf will not work properly.

(firefox:10906): dconf-CRITICAL **: 14:11:13.285: unable to create directory '/run/user/0/dconf': Permission denied.  dconf will not work properly.

(firefox:10906): dconf-CRITICAL **: 14:11:13.286: unable to create directory '/run/user/0/dconf': Permission denied.  dconf will not work properly.

(firefox:10906): dconf-CRITICAL **: 14:11:13.286: unable to create directory '/run/user/0/dconf': Permission denied.  dconf will not work properly.

(firefox:10906): dconf-CRITICAL **: 14:11:13.287: unable to create directory '/run/user/0/dconf': Permission denied.  dconf will not work properly.

(firefox:10906): dconf-CRITICAL **: 14:11:13.287: unable to create directory '/run/user/0/dconf': Permission denied.  dconf will not work properly.

(firefox:10906): dconf-CRITICAL **: 14:11:13.288: unable to create directory '/run/user/0/dconf': Permission denied.  dconf will not work properly.

(firefox:10906): dconf-CRITICAL **: 14:11:13.288: unable to create directory '/run/user/0/dconf': Permission denied.  dconf will not work properly.

(firefox:10906): dconf-CRITICAL **: 14:11:14.043: unable to create directory '/run/user/0/dconf': Permission denied.  dconf will not work properly.

(firefox:10906): dconf-CRITICAL **: 14:11:14.043: unable to create directory '/run/user/0/dconf': Permission denied.  dconf will not work properly.

(firefox:10906): dconf-CRITICAL **: 14:11:14.055: unable to create directory '/run/user/0/dconf': Permission denied.  dconf will not work properly.

(firefox:10906): dconf-CRITICAL **: 14:11:14.055: unable to create directory '/run/user/0/dconf': Permission denied.  dconf will not work properly.

(firefox:10906): dconf-CRITICAL **: 14:11:15.145: unable to create directory '/run/user/0/dconf': Permission denied.  dconf will not work properly.

(firefox:10906): dconf-CRITICAL **: 14:11:15.145: unable to create directory '/run/user/0/dconf': Permission denied.  dconf will not work properly.

(firefox:10906): dconf-CRITICAL **: 14:11:15.323: unable to create directory '/run/user/0/dconf': Permission denied.  dconf will not work properly.

(firefox:10906): dconf-CRITICAL **: 14:11:15.323: unable to create directory '/run/user/0/dconf': Permission denied.  dconf will not work properly.
1545900075323	Marionette	DEBUG	[4294967297] Received DOM event pageshow for https://www.google.co.in/search?q=hello+shivansh&source=lnms&tbm=isch&sa=X&ved=0ahUKEwjk-frBzr_fAhXET30KHUe6AH8Q_AUIDygC&biw=1299&bih=639

(firefox:10906): dconf-CRITICAL **: 14:11:15.324: unable to create directory '/run/user/0/dconf': Permission denied.  dconf will not work properly.

(firefox:10906): dconf-CRITICAL **: 14:11:15.324: unable to create directory '/run/user/0/dconf': Permission denied.  dconf will not work properly.
1545900075325	Marionette	TRACE	0 <- [1,4,null,{"value":null}]

(firefox:10906): dconf-CRITICAL **: 14:11:15.810: unable to create directory '/run/user/0/dconf': Permission denied.  dconf will not work properly.

(firefox:10906): dconf-CRITICAL **: 14:11:15.811: unable to create directory '/run/user/0/dconf': Permission denied.  dconf will not work properly.

(firefox:10906): dconf-CRITICAL **: 14:11:16.184: unable to create directory '/run/user/0/dconf': Permission denied.  dconf will not work properly.

(firefox:10906): dconf-CRITICAL **: 14:11:16.185: unable to create directory '/run/user/0/dconf': Permission denied.  dconf will not work properly.
1545900078851	Marionette	DEBUG	[6442450945] Frame script loaded
1545900078852	Marionette	DEBUG	[6442450945] Frame script registered
1545900085600	Marionette	DEBUG	[8589934593] Frame script loaded
1545900085601	Marionette	DEBUG	[8589934593] Frame script registered
1545900087217	Marionette	DEBUG	[10737418241] Frame script loaded
1545900087217	Marionette	DEBUG	[10737418241] Frame script registered
1545900087796	Marionette	DEBUG	[8589934596] Frame script loaded
1545900087830	Marionette	DEBUG	[8589934596] Frame script registered
1545900088111	Marionette	DEBUG	[10737418244] Frame script loaded
1545900088148	Marionette	DEBUG	[10737418244] Frame script registered
1545900088372	Marionette	DEBUG	[8589934599] Frame script loaded
1545900088397	Marionette	DEBUG	[8589934599] Frame script registered
1545900091174	Marionette	DEBUG	Closed connection 0
[Parent 10906, Gecko_IOThread] WARNING: pipe error (71): Connection reset by peer: file /build/firefox-wWf_B4/firefox-64.0+build3/ipc/chromium/src/chrome/common/ipc_channel_posix.cc, line 363
[Parent 10906, Gecko_IOThread] WARNING: pipe error (99): Connection reset by peer: file /build/firefox-wWf_B4/firefox-64.0+build3/ipc/chromium/src/chrome/common/ipc_channel_posix.cc, line 363
1545900091768	Marionette	DEBUG	Received observer notification xpcom-will-shutdown
1545900091768	Marionette	DEBUG	Resetting recommended pref app.update.disabledForTesting
1545900091769	Marionette	DEBUG	Resetting recommended pref security.turn_off_all_security_so_that_viruses_can_take_over_this_computer
1545900091769	Marionette	DEBUG	Resetting recommended pref apz.content_response_timeout
1545900091769	Marionette	DEBUG	Resetting recommended pref browser.contentblocking.introCount
1545900091769	Marionette	DEBUG	Resetting recommended pref browser.download.panel.shown
1545900091769	Marionette	DEBUG	Resetting recommended pref browser.newtabpage.enabled
1545900091769	Marionette	DEBUG	Resetting recommended pref browser.pagethumbnails.capturing_disabled
1545900091770	Marionette	DEBUG	Resetting recommended pref browser.search.update
1545900091770	Marionette	DEBUG	Resetting recommended pref browser.tabs.disableBackgroundZombification
1545900091770	Marionette	DEBUG	Resetting recommended pref browser.tabs.warnOnCloseOtherTabs
1545900091770	Marionette	DEBUG	Resetting recommended pref browser.tabs.warnOnOpen
1545900091770	Marionette	DEBUG	Resetting recommended pref browser.usedOnWindows10.introURL
1545900091770	Marionette	DEBUG	Resetting recommended pref browser.urlbar.suggest.searches
1545900091771	Marionette	DEBUG	Resetting recommended pref datareporting.policy.dataSubmissionPolicyAccepted
1545900091771	Marionette	DEBUG	Resetting recommended pref dom.disable_beforeunload
1545900091771	Marionette	DEBUG	Resetting recommended pref dom.disable_open_during_load
1545900091771	Marionette	DEBUG	Resetting recommended pref dom.file.createInChild
1545900091771	Marionette	DEBUG	Resetting recommended pref dom.max_chrome_script_run_time
1545900091771	Marionette	DEBUG	Resetting recommended pref dom.max_script_run_time
1545900091771	Marionette	DEBUG	Resetting recommended pref extensions.getAddons.cache.enabled
1545900091771	Marionette	DEBUG	Resetting recommended pref extensions.webservice.discoverURL
1545900091771	Marionette	DEBUG	Resetting recommended pref network.http.prompt-temp-redirect
1545900091771	Marionette	DEBUG	Resetting recommended pref network.http.speculative-parallel-limit
1545900091771	Marionette	DEBUG	Resetting recommended pref security.fileuri.strict_origin_policy
1545900091772	Marionette	DEBUG	Resetting recommended pref security.notification_enable_delay
1545900091772	Marionette	DEBUG	Resetting recommended pref signon.autofillForms
1545900091772	Marionette	DEBUG	Resetting recommended pref signon.rememberSignons
1545900091772	Marionette	DEBUG	Resetting recommended pref toolkit.cosmeticAnimations.enabled
1545900091772	Marionette	INFO	Stopped listening on port 33073
1545900091772	Marionette	DEBUG	Remote service is inactive
1545900511987	geckodriver	INFO	geckodriver 0.21.0
1545900511992	geckodriver	INFO	Listening on 127.0.0.1:58971
1545900513007	mozrunner::runner	INFO	Running command: "/usr/bin/firefox" "-marionette" "-foreground" "-no-remote" "-profile" "/tmp/rust_mozprofile.fSm1UMVv0Yfm"
1545900513369	addons.webextension.screenshots@mozilla.org	WARN	Loading extension 'screenshots@mozilla.org': Reading manifest: Invalid host permission: resource://pdf.js/
1545900513369	addons.webextension.screenshots@mozilla.org	WARN	Loading extension 'screenshots@mozilla.org': Reading manifest: Invalid host permission: about:reader*
1545900513513	Marionette	DEBUG	Received observer notification profile-after-change
1545900513784	Marionette	DEBUG	Received observer notification command-line-startup
1545900513784	Marionette	DEBUG	Received observer notification nsPref:changed
1545900513784	Marionette	DEBUG	Init aborted (running=false, enabled=true, finalUIStartup=false)
1545900514482	Marionette	DEBUG	Received observer notification toplevel-window-ready

(firefox:11432): LIBDBUSMENU-GLIB-WARNING **: 14:18:35.022: Unable to get session bus: Could not connect: Permission denied

(firefox:11432): dconf-CRITICAL **: 14:18:35.475: unable to create directory '/run/user/0/dconf': Permission denied.  dconf will not work properly.

(firefox:11432): dconf-CRITICAL **: 14:18:35.475: unable to create directory '/run/user/0/dconf': Permission denied.  dconf will not work properly.

(firefox:11432): dconf-CRITICAL **: 14:18:35.476: unable to create directory '/run/user/0/dconf': Permission denied.  dconf will not work properly.

(firefox:11432): dconf-CRITICAL **: 14:18:35.476: unable to create directory '/run/user/0/dconf': Permission denied.  dconf will not work properly.

(firefox:11432): dconf-CRITICAL **: 14:18:35.476: unable to create directory '/run/user/0/dconf': Permission denied.  dconf will not work properly.

(firefox:11432): dconf-CRITICAL **: 14:18:35.566: unable to create directory '/run/user/0/dconf': Permission denied.  dconf will not work properly.

(firefox:11432): dconf-CRITICAL **: 14:18:35.566: unable to create directory '/run/user/0/dconf': Permission denied.  dconf will not work properly.
1545900515594	Marionette	DEBUG	Received observer notification sessionstore-windows-restored
1545900515594	Marionette	DEBUG	Waiting for delayed startup...
1545900515716	Marionette	DEBUG	Setting recommended pref app.update.disabledForTesting to true
1545900515717	Marionette	DEBUG	Setting recommended pref security.turn_off_all_security_so_that_viruses_can_take_over_this_computer to true
1545900515718	Marionette	DEBUG	Setting recommended pref apz.content_response_timeout to 60000
1545900515718	Marionette	DEBUG	Setting recommended pref browser.contentblocking.introCount to 99
1545900515718	Marionette	DEBUG	Setting recommended pref browser.download.panel.shown to true
1545900515718	Marionette	DEBUG	Setting recommended pref browser.newtabpage.enabled to false
1545900515718	Marionette	DEBUG	Setting recommended pref browser.pagethumbnails.capturing_disabled to true
1545900515719	Marionette	DEBUG	Setting recommended pref browser.search.update to false
1545900515719	Marionette	DEBUG	Setting recommended pref browser.tabs.disableBackgroundZombification to false
1545900515719	Marionette	DEBUG	Setting recommended pref browser.tabs.warnOnCloseOtherTabs to false
1545900515719	Marionette	DEBUG	Setting recommended pref browser.tabs.warnOnOpen to false
1545900515719	Marionette	DEBUG	Setting recommended pref browser.usedOnWindows10.introURL to 
1545900515719	Marionette	DEBUG	Setting recommended pref browser.urlbar.suggest.searches to false
1545900515720	Marionette	DEBUG	Setting recommended pref datareporting.policy.dataSubmissionPolicyAccepted to false
1545900515720	Marionette	DEBUG	Setting recommended pref dom.disable_beforeunload to true
1545900515720	Marionette	DEBUG	Setting recommended pref dom.disable_open_during_load to false
1545900515720	Marionette	DEBUG	Setting recommended pref dom.file.createInChild to true
1545900515720	Marionette	DEBUG	Setting recommended pref dom.max_chrome_script_run_time to 0
1545900515720	Marionette	DEBUG	Setting recommended pref dom.max_script_run_time to 0
1545900515720	Marionette	DEBUG	Setting recommended pref extensions.getAddons.cache.enabled to false
1545900515720	Marionette	DEBUG	Setting recommended pref extensions.webservice.discoverURL to http://%(server)s/dummy/discoveryURL
1545900515720	Marionette	DEBUG	Setting recommended pref network.http.prompt-temp-redirect to false
1545900515720	Marionette	DEBUG	Setting recommended pref network.http.speculative-parallel-limit to 0
1545900515720	Marionette	DEBUG	Setting recommended pref security.fileuri.strict_origin_policy to false
1545900515721	Marionette	DEBUG	Setting recommended pref security.notification_enable_delay to 0
1545900515721	Marionette	DEBUG	Setting recommended pref signon.autofillForms to false
1545900515721	Marionette	DEBUG	Setting recommended pref signon.rememberSignons to false
1545900515721	Marionette	DEBUG	Setting recommended pref toolkit.cosmeticAnimations.enabled to false
1545900515760	Marionette	INFO	Listening on port 44661
1545900515760	Marionette	DEBUG	Remote service is active
1545900515823	Marionette	DEBUG	Accepted connection 0 from 127.0.0.1:55374
1545900515824	Marionette	TRACE	0 -> [0,1,"WebDriver:NewSession",{"acceptInsecureCerts":true,"browserName":"firefox","capabilities":{"desiredCapabilities":{"acceptInsecureCerts":true,"browserName":"firefox"}}}]
1545900515825	Marionette	WARN	TLS certificate errors will be ignored for this session
1545900515882	Marionette	DEBUG	[4294967297] Frame script loaded
1545900515886	Marionette	DEBUG	[4294967297] Frame script registered
1545900515896	Marionette	TRACE	0 <- [1,1,null,{"sessionId":"e3965a4e-ddd5-4e5f-b582-d91f5f4b6548","capabilities":{"browserName":"firefox","browserVersion":"64.0" ... alse,"moz:webdriverClick":true,"capabilities":{"desiredCapabilities":{"acceptInsecureCerts":true,"browserName":"firefox"}}}}]
1545900515905	Marionette	TRACE	0 -> [0,2,"WebDriver:Navigate",{"url":"https://www.google.co.in/search?q=hello+shivansh"}]
1545900515934	Marionette	DEBUG	[4294967297] Received DOM event beforeunload for about:blank

(firefox:11432): dconf-CRITICAL **: 14:18:35.941: unable to create directory '/run/user/0/dconf': Permission denied.  dconf will not work properly.

(firefox:11432): dconf-CRITICAL **: 14:18:35.941: unable to create directory '/run/user/0/dconf': Permission denied.  dconf will not work properly.

(firefox:11432): dconf-CRITICAL **: 14:18:35.999: unable to create directory '/run/user/0/dconf': Permission denied.  dconf will not work properly.

(firefox:11432): dconf-CRITICAL **: 14:18:35.999: unable to create directory '/run/user/0/dconf': Permission denied.  dconf will not work properly.

(firefox:11432): dconf-CRITICAL **: 14:18:36.791: unable to create directory '/run/user/0/dconf': Permission denied.  dconf will not work properly.

(firefox:11432): dconf-CRITICAL **: 14:18:36.791: unable to create directory '/run/user/0/dconf': Permission denied.  dconf will not work properly.

(firefox:11432): dconf-CRITICAL **: 14:18:37.233: unable to create directory '/run/user/0/dconf': Permission denied.  dconf will not work properly.

(firefox:11432): dconf-CRITICAL **: 14:18:37.233: unable to create directory '/run/user/0/dconf': Permission denied.  dconf will not work properly.

(firefox:11432): dconf-CRITICAL **: 14:18:37.998: unable to create directory '/run/user/0/dconf': Permission denied.  dconf will not work properly.

(firefox:11432): dconf-CRITICAL **: 14:18:37.998: unable to create directory '/run/user/0/dconf': Permission denied.  dconf will not work properly.

(firefox:11432): dconf-CRITICAL **: 14:18:38.465: unable to create directory '/run/user/0/dconf': Permission denied.  dconf will not work properly.

(firefox:11432): dconf-CRITICAL **: 14:18:38.466: unable to create directory '/run/user/0/dconf': Permission denied.  dconf will not work properly.

(firefox:11432): dconf-CRITICAL **: 14:18:39.047: unable to create directory '/run/user/0/dconf': Permission denied.  dconf will not work properly.

(firefox:11432): dconf-CRITICAL **: 14:18:39.047: unable to create directory '/run/user/0/dconf': Permission denied.  dconf will not work properly.

(firefox:11432): dconf-CRITICAL **: 14:18:39.123: unable to create directory '/run/user/0/dconf': Permission denied.  dconf will not work properly.

(firefox:11432): dconf-CRITICAL **: 14:18:39.124: unable to create directory '/run/user/0/dconf': Permission denied.  dconf will not work properly.

(firefox:11432): dconf-CRITICAL **: 14:18:39.204: unable to create directory '/run/user/0/dconf': Permission denied.  dconf will not work properly.

(firefox:11432): dconf-CRITICAL **: 14:18:39.204: unable to create directory '/run/user/0/dconf': Permission denied.  dconf will not work properly.

(firefox:11432): dconf-CRITICAL **: 14:18:39.527: unable to create directory '/run/user/0/dconf': Permission denied.  dconf will not work properly.

(firefox:11432): dconf-CRITICAL **: 14:18:39.528: unable to create directory '/run/user/0/dconf': Permission denied.  dconf will not work properly.
1545900519564	Marionette	DEBUG	[4294967297] Received DOM event pagehide for about:blank

(firefox:11432): dconf-CRITICAL **: 14:18:39.635: unable to create directory '/run/user/0/dconf': Permission denied.  dconf will not work properly.

(firefox:11432): dconf-CRITICAL **: 14:18:39.635: unable to create directory '/run/user/0/dconf': Permission denied.  dconf will not work properly.

(firefox:11432): dconf-CRITICAL **: 14:18:39.653: unable to create directory '/run/user/0/dconf': Permission denied.  dconf will not work properly.

(firefox:11432): dconf-CRITICAL **: 14:18:39.654: unable to create directory '/run/user/0/dconf': Permission denied.  dconf will not work properly.

(firefox:11432): dconf-CRITICAL **: 14:18:40.361: unable to create directory '/run/user/0/dconf': Permission denied.  dconf will not work properly.

(firefox:11432): dconf-CRITICAL **: 14:18:40.361: unable to create directory '/run/user/0/dconf': Permission denied.  dconf will not work properly.

(firefox:11432): dconf-CRITICAL **: 14:18:40.415: unable to create directory '/run/user/0/dconf': Permission denied.  dconf will not work properly.

(firefox:11432): dconf-CRITICAL **: 14:18:40.415: unable to create directory '/run/user/0/dconf': Permission denied.  dconf will not work properly.

(firefox:11432): dconf-CRITICAL **: 14:18:40.470: unable to create directory '/run/user/0/dconf': Permission denied.  dconf will not work properly.

(firefox:11432): dconf-CRITICAL **: 14:18:40.470: unable to create directory '/run/user/0/dconf': Permission denied.  dconf will not work properly.

(firefox:11432): dconf-CRITICAL **: 14:18:40.473: unable to create directory '/run/user/0/dconf': Permission denied.  dconf will not work properly.

(firefox:11432): dconf-CRITICAL **: 14:18:40.473: unable to create directory '/run/user/0/dconf': Permission denied.  dconf will not work properly.
1545900520513	Marionette	DEBUG	[4294967297] Received DOM event DOMContentLoaded for https://www.google.co.in/search?q=hello+shivansh

(firefox:11432): dconf-CRITICAL **: 14:18:40.735: unable to create directory '/run/user/0/dconf': Permission denied.  dconf will not work properly.

(firefox:11432): dconf-CRITICAL **: 14:18:40.736: unable to create directory '/run/user/0/dconf': Permission denied.  dconf will not work properly.

(firefox:11432): dconf-CRITICAL **: 14:18:40.936: unable to create directory '/run/user/0/dconf': Permission denied.  dconf will not work properly.

(firefox:11432): dconf-CRITICAL **: 14:18:40.936: unable to create directory '/run/user/0/dconf': Permission denied.  dconf will not work properly.

(firefox:11432): dconf-CRITICAL **: 14:18:40.965: unable to create directory '/run/user/0/dconf': Permission denied.  dconf will not work properly.

(firefox:11432): dconf-CRITICAL **: 14:18:40.966: unable to create directory '/run/user/0/dconf': Permission denied.  dconf will not work properly.

(firefox:11432): dconf-CRITICAL **: 14:18:42.309: unable to create directory '/run/user/0/dconf': Permission denied.  dconf will not work properly.

(firefox:11432): dconf-CRITICAL **: 14:18:42.309: unable to create directory '/run/user/0/dconf': Permission denied.  dconf will not work properly.

(firefox:11432): dconf-CRITICAL **: 14:18:42.337: unable to create directory '/run/user/0/dconf': Permission denied.  dconf will not work properly.

(firefox:11432): dconf-CRITICAL **: 14:18:42.337: unable to create directory '/run/user/0/dconf': Permission denied.  dconf will not work properly.

(firefox:11432): dconf-CRITICAL **: 14:18:42.560: unable to create directory '/run/user/0/dconf': Permission denied.  dconf will not work properly.

(firefox:11432): dconf-CRITICAL **: 14:18:42.560: unable to create directory '/run/user/0/dconf': Permission denied.  dconf will not work properly.

(firefox:11432): dconf-CRITICAL **: 14:18:42.560: unable to create directory '/run/user/0/dconf': Permission denied.  dconf will not work properly.

(firefox:11432): dconf-CRITICAL **: 14:18:42.560: unable to create directory '/run/user/0/dconf': Permission denied.  dconf will not work properly.

(firefox:11432): dconf-CRITICAL **: 14:18:42.579: unable to create directory '/run/user/0/dconf': Permission denied.  dconf will not work properly.

(firefox:11432): dconf-CRITICAL **: 14:18:42.579: unable to create directory '/run/user/0/dconf': Permission denied.  dconf will not work properly.

(firefox:11432): dconf-CRITICAL **: 14:18:43.318: unable to create directory '/run/user/0/dconf': Permission denied.  dconf will not work properly.

(firefox:11432): dconf-CRITICAL **: 14:18:43.318: unable to create directory '/run/user/0/dconf': Permission denied.  dconf will not work properly.

(firefox:11432): dconf-CRITICAL **: 14:18:43.323: unable to create directory '/run/user/0/dconf': Permission denied.  dconf will not work properly.

(firefox:11432): dconf-CRITICAL **: 14:18:43.323: unable to create directory '/run/user/0/dconf': Permission denied.  dconf will not work properly.

(firefox:11432): dconf-CRITICAL **: 14:18:43.409: unable to create directory '/run/user/0/dconf': Permission denied.  dconf will not work properly.

(firefox:11432): dconf-CRITICAL **: 14:18:43.409: unable to create directory '/run/user/0/dconf': Permission denied.  dconf will not work properly.

(firefox:11432): dconf-CRITICAL **: 14:18:43.758: unable to create directory '/run/user/0/dconf': Permission denied.  dconf will not work properly.

(firefox:11432): dconf-CRITICAL **: 14:18:43.759: unable to create directory '/run/user/0/dconf': Permission denied.  dconf will not work properly.
1545900523759	Marionette	DEBUG	[4294967297] Received DOM event pageshow for https://www.google.co.in/search?q=hello+shivansh

(firefox:11432): dconf-CRITICAL **: 14:18:43.759: unable to create directory '/run/user/0/dconf': Permission denied.  dconf will not work properly.

(firefox:11432): dconf-CRITICAL **: 14:18:43.760: unable to create directory '/run/user/0/dconf': Permission denied.  dconf will not work properly.
1545900523761	Marionette	TRACE	0 <- [1,2,null,{"value":null}]
1545900523765	Marionette	TRACE	0 -> [0,3,"WebDriver:FindElement",{"using":"link text","value":"Images"}]
1545900523907	Marionette	TRACE	0 <- [1,3,null,{"value":{"element-6066-11e4-a52e-4f735466cecf":"9cb0f137-4fb2-4424-9a0f-1af5331b547b"}}]
1545900523910	Marionette	TRACE	0 -> [0,4,"WebDriver:ElementClick",{"id":"9cb0f137-4fb2-4424-9a0f-1af5331b547b"}]

(firefox:11432): dconf-CRITICAL **: 14:18:43.921: unable to create directory '/run/user/0/dconf': Permission denied.  dconf will not work properly.

(firefox:11432): dconf-CRITICAL **: 14:18:43.921: unable to create directory '/run/user/0/dconf': Permission denied.  dconf will not work properly.
1545900523928	Marionette	DEBUG	[4294967297] Received DOM event beforeunload for https://www.google.co.in/search?q=hello+shivansh

(firefox:11432): dconf-CRITICAL **: 14:18:43.930: unable to create directory '/run/user/0/dconf': Permission denied.  dconf will not work properly.

(firefox:11432): dconf-CRITICAL **: 14:18:43.930: unable to create directory '/run/user/0/dconf': Permission denied.  dconf will not work properly.

(firefox:11432): dconf-CRITICAL **: 14:18:43.930: unable to create directory '/run/user/0/dconf': Permission denied.  dconf will not work properly.

(firefox:11432): dconf-CRITICAL **: 14:18:43.930: unable to create directory '/run/user/0/dconf': Permission denied.  dconf will not work properly.

(firefox:11432): dconf-CRITICAL **: 14:18:43.930: unable to create directory '/run/user/0/dconf': Permission denied.  dconf will not work properly.

(firefox:11432): dconf-CRITICAL **: 14:18:43.930: unable to create directory '/run/user/0/dconf': Permission denied.  dconf will not work properly.

(firefox:11432): dconf-CRITICAL **: 14:18:43.930: unable to create directory '/run/user/0/dconf': Permission denied.  dconf will not work properly.

(firefox:11432): dconf-CRITICAL **: 14:18:43.930: unable to create directory '/run/user/0/dconf': Permission denied.  dconf will not work properly.

(firefox:11432): dconf-CRITICAL **: 14:18:43.930: unable to create directory '/run/user/0/dconf': Permission denied.  dconf will not work properly.

(firefox:11432): dconf-CRITICAL **: 14:18:43.930: unable to create directory '/run/user/0/dconf': Permission denied.  dconf will not work properly.

(firefox:11432): dconf-CRITICAL **: 14:18:43.933: unable to create directory '/run/user/0/dconf': Permission denied.  dconf will not work properly.

(firefox:11432): dconf-CRITICAL **: 14:18:43.933: unable to create directory '/run/user/0/dconf': Permission denied.  dconf will not work properly.
1545900524142	Marionette	DEBUG	[4294967297] Received DOM event pagehide for https://www.google.co.in/search?q=hello+shivansh
1545900524152	Marionette	DEBUG	[4294967297] Received DOM event unload for https://www.google.co.in/search?q=hello+shivansh

(firefox:11432): dconf-CRITICAL **: 14:18:44.501: unable to create directory '/run/user/0/dconf': Permission denied.  dconf will not work properly.

(firefox:11432): dconf-CRITICAL **: 14:18:44.502: unable to create directory '/run/user/0/dconf': Permission denied.  dconf will not work properly.

(firefox:11432): dconf-CRITICAL **: 14:18:44.513: unable to create directory '/run/user/0/dconf': Permission denied.  dconf will not work properly.

(firefox:11432): dconf-CRITICAL **: 14:18:44.513: unable to create directory '/run/user/0/dconf': Permission denied.  dconf will not work properly.

(firefox:11432): dconf-CRITICAL **: 14:18:44.513: unable to create directory '/run/user/0/dconf': Permission denied.  dconf will not work properly.

(firefox:11432): dconf-CRITICAL **: 14:18:44.514: unable to create directory '/run/user/0/dconf': Permission denied.  dconf will not work properly.

(firefox:11432): dconf-CRITICAL **: 14:18:44.635: unable to create directory '/run/user/0/dconf': Permission denied.  dconf will not work properly.

(firefox:11432): dconf-CRITICAL **: 14:18:44.635: unable to create directory '/run/user/0/dconf': Permission denied.  dconf will not work properly.

(firefox:11432): dconf-CRITICAL **: 14:18:44.952: unable to create directory '/run/user/0/dconf': Permission denied.  dconf will not work properly.

(firefox:11432): dconf-CRITICAL **: 14:18:44.952: unable to create directory '/run/user/0/dconf': Permission denied.  dconf will not work properly.

(firefox:11432): dconf-CRITICAL **: 14:18:46.353: unable to create directory '/run/user/0/dconf': Permission denied.  dconf will not work properly.

(firefox:11432): dconf-CRITICAL **: 14:18:46.353: unable to create directory '/run/user/0/dconf': Permission denied.  dconf will not work properly.

(firefox:11432): dconf-CRITICAL **: 14:18:46.536: unable to create directory '/run/user/0/dconf': Permission denied.  dconf will not work properly.

(firefox:11432): dconf-CRITICAL **: 14:18:46.536: unable to create directory '/run/user/0/dconf': Permission denied.  dconf will not work properly.

(firefox:11432): dconf-CRITICAL **: 14:18:46.584: unable to create directory '/run/user/0/dconf': Permission denied.  dconf will not work properly.

(firefox:11432): dconf-CRITICAL **: 14:18:46.584: unable to create directory '/run/user/0/dconf': Permission denied.  dconf will not work properly.
1545900526752	Marionette	DEBUG	[4294967297] Received DOM event DOMContentLoaded for https://www.google.co.in/search?q=hello+shivansh&source=lnms&tbm=isch&sa=X&ved=0ahUKEwjU2sWa0L_fAhVMFHIKHRTKASEQ_AUIDygC&biw=1299&bih=639

(firefox:11432): dconf-CRITICAL **: 14:18:46.875: unable to create directory '/run/user/0/dconf': Permission denied.  dconf will not work properly.

(firefox:11432): dconf-CRITICAL **: 14:18:46.876: unable to create directory '/run/user/0/dconf': Permission denied.  dconf will not work properly.

(firefox:11432): dconf-CRITICAL **: 14:18:46.968: unable to create directory '/run/user/0/dconf': Permission denied.  dconf will not work properly.

(firefox:11432): dconf-CRITICAL **: 14:18:46.968: unable to create directory '/run/user/0/dconf': Permission denied.  dconf will not work properly.

(firefox:11432): dconf-CRITICAL **: 14:18:47.753: unable to create directory '/run/user/0/dconf': Permission denied.  dconf will not work properly.

(firefox:11432): dconf-CRITICAL **: 14:18:47.753: unable to create directory '/run/user/0/dconf': Permission denied.  dconf will not work properly.

(firefox:11432): dconf-CRITICAL **: 14:18:48.741: unable to create directory '/run/user/0/dconf': Permission denied.  dconf will not work properly.

(firefox:11432): dconf-CRITICAL **: 14:18:48.741: unable to create directory '/run/user/0/dconf': Permission denied.  dconf will not work properly.

(firefox:11432): dconf-CRITICAL **: 14:18:50.037: unable to create directory '/run/user/0/dconf': Permission denied.  dconf will not work properly.

(firefox:11432): dconf-CRITICAL **: 14:18:50.037: unable to create directory '/run/user/0/dconf': Permission denied.  dconf will not work properly.

(firefox:11432): dconf-CRITICAL **: 14:18:50.070: unable to create directory '/run/user/0/dconf': Permission denied.  dconf will not work properly.

(firefox:11432): dconf-CRITICAL **: 14:18:50.070: unable to create directory '/run/user/0/dconf': Permission denied.  dconf will not work properly.

(firefox:11432): dconf-CRITICAL **: 14:18:50.176: unable to create directory '/run/user/0/dconf': Permission denied.  dconf will not work properly.

(firefox:11432): dconf-CRITICAL **: 14:18:50.176: unable to create directory '/run/user/0/dconf': Permission denied.  dconf will not work properly.

(firefox:11432): dconf-CRITICAL **: 14:18:50.176: unable to create directory '/run/user/0/dconf': Permission denied.  dconf will not work properly.

(firefox:11432): dconf-CRITICAL **: 14:18:50.176: unable to create directory '/run/user/0/dconf': Permission denied.  dconf will not work properly.

(firefox:11432): dconf-CRITICAL **: 14:18:50.178: unable to create directory '/run/user/0/dconf': Permission denied.  dconf will not work properly.

(firefox:11432): dconf-CRITICAL **: 14:18:50.178: unable to create directory '/run/user/0/dconf': Permission denied.  dconf will not work properly.

(firefox:11432): dconf-CRITICAL **: 14:18:50.179: unable to create directory '/run/user/0/dconf': Permission denied.  dconf will not work properly.

(firefox:11432): dconf-CRITICAL **: 14:18:50.179: unable to create directory '/run/user/0/dconf': Permission denied.  dconf will not work properly.

(firefox:11432): dconf-CRITICAL **: 14:18:50.179: unable to create directory '/run/user/0/dconf': Permission denied.  dconf will not work properly.

(firefox:11432): dconf-CRITICAL **: 14:18:50.179: unable to create directory '/run/user/0/dconf': Permission denied.  dconf will not work properly.

(firefox:11432): dconf-CRITICAL **: 14:18:50.180: unable to create directory '/run/user/0/dconf': Permission denied.  dconf will not work properly.

(firefox:11432): dconf-CRITICAL **: 14:18:50.180: unable to create directory '/run/user/0/dconf': Permission denied.  dconf will not work properly.

(firefox:11432): dconf-CRITICAL **: 14:18:50.180: unable to create directory '/run/user/0/dconf': Permission denied.  dconf will not work properly.

(firefox:11432): dconf-CRITICAL **: 14:18:50.180: unable to create directory '/run/user/0/dconf': Permission denied.  dconf will not work properly.

(firefox:11432): dconf-CRITICAL **: 14:18:50.181: unable to create directory '/run/user/0/dconf': Permission denied.  dconf will not work properly.

(firefox:11432): dconf-CRITICAL **: 14:18:50.181: unable to create directory '/run/user/0/dconf': Permission denied.  dconf will not work properly.

(firefox:11432): dconf-CRITICAL **: 14:18:50.182: unable to create directory '/run/user/0/dconf': Permission denied.  dconf will not work properly.

(firefox:11432): dconf-CRITICAL **: 14:18:50.182: unable to create directory '/run/user/0/dconf': Permission denied.  dconf will not work properly.

(firefox:11432): dconf-CRITICAL **: 14:18:50.182: unable to create directory '/run/user/0/dconf': Permission denied.  dconf will not work properly.

(firefox:11432): dconf-CRITICAL **: 14:18:50.182: unable to create directory '/run/user/0/dconf': Permission denied.  dconf will not work properly.

(firefox:11432): dconf-CRITICAL **: 14:18:50.182: unable to create directory '/run/user/0/dconf': Permission denied.  dconf will not work properly.

(firefox:11432): dconf-CRITICAL **: 14:18:50.182: unable to create directory '/run/user/0/dconf': Permission denied.  dconf will not work properly.

(firefox:11432): dconf-CRITICAL **: 14:18:50.183: unable to create directory '/run/user/0/dconf': Permission denied.  dconf will not work properly.

(firefox:11432): dconf-CRITICAL **: 14:18:50.183: unable to create directory '/run/user/0/dconf': Permission denied.  dconf will not work properly.

(firefox:11432): dconf-CRITICAL **: 14:18:50.339: unable to create directory '/run/user/0/dconf': Permission denied.  dconf will not work properly.

(firefox:11432): dconf-CRITICAL **: 14:18:50.340: unable to create directory '/run/user/0/dconf': Permission denied.  dconf will not work properly.

(firefox:11432): dconf-CRITICAL **: 14:18:50.340: unable to create directory '/run/user/0/dconf': Permission denied.  dconf will not work properly.

(firefox:11432): dconf-CRITICAL **: 14:18:50.340: unable to create directory '/run/user/0/dconf': Permission denied.  dconf will not work properly.

(firefox:11432): dconf-CRITICAL **: 14:18:50.340: unable to create directory '/run/user/0/dconf': Permission denied.  dconf will not work properly.

(firefox:11432): dconf-CRITICAL **: 14:18:50.340: unable to create directory '/run/user/0/dconf': Permission denied.  dconf will not work properly.

(firefox:11432): dconf-CRITICAL **: 14:18:50.341: unable to create directory '/run/user/0/dconf': Permission denied.  dconf will not work properly.

(firefox:11432): dconf-CRITICAL **: 14:18:50.341: unable to create directory '/run/user/0/dconf': Permission denied.  dconf will not work properly.

(firefox:11432): dconf-CRITICAL **: 14:18:50.376: unable to create directory '/run/user/0/dconf': Permission denied.  dconf will not work properly.

(firefox:11432): dconf-CRITICAL **: 14:18:50.376: unable to create directory '/run/user/0/dconf': Permission denied.  dconf will not work properly.

(firefox:11432): dconf-CRITICAL **: 14:18:50.552: unable to create directory '/run/user/0/dconf': Permission denied.  dconf will not work properly.

(firefox:11432): dconf-CRITICAL **: 14:18:50.553: unable to create directory '/run/user/0/dconf': Permission denied.  dconf will not work properly.

(firefox:11432): dconf-CRITICAL **: 14:18:50.822: unable to create directory '/run/user/0/dconf': Permission denied.  dconf will not work properly.

(firefox:11432): dconf-CRITICAL **: 14:18:50.822: unable to create directory '/run/user/0/dconf': Permission denied.  dconf will not work properly.
1545900530823	Marionette	DEBUG	[4294967297] Received DOM event pageshow for https://www.google.co.in/search?q=hello+shivansh&source=lnms&tbm=isch&sa=X&ved=0ahUKEwjU2sWa0L_fAhVMFHIKHRTKASEQ_AUIDygC&biw=1299&bih=639

(firefox:11432): dconf-CRITICAL **: 14:18:50.823: unable to create directory '/run/user/0/dconf': Permission denied.  dconf will not work properly.

(firefox:11432): dconf-CRITICAL **: 14:18:50.823: unable to create directory '/run/user/0/dconf': Permission denied.  dconf will not work properly.
1545900530825	Marionette	TRACE	0 <- [1,4,null,{"value":null}]

(firefox:11432): dconf-CRITICAL **: 14:18:53.975: unable to create directory '/run/user/0/dconf': Permission denied.  dconf will not work properly.

(firefox:11432): dconf-CRITICAL **: 14:18:53.975: unable to create directory '/run/user/0/dconf': Permission denied.  dconf will not work properly.

(firefox:11432): dconf-CRITICAL **: 14:18:53.979: unable to create directory '/run/user/0/dconf': Permission denied.  dconf will not work properly.

(firefox:11432): dconf-CRITICAL **: 14:18:53.980: unable to create directory '/run/user/0/dconf': Permission denied.  dconf will not work properly.

(firefox:11432): dconf-CRITICAL **: 14:18:53.982: unable to create directory '/run/user/0/dconf': Permission denied.  dconf will not work properly.

(firefox:11432): dconf-CRITICAL **: 14:18:53.982: unable to create directory '/run/user/0/dconf': Permission denied.  dconf will not work properly.

(firefox:11432): dconf-CRITICAL **: 14:18:53.986: unable to create directory '/run/user/0/dconf': Permission denied.  dconf will not work properly.

(firefox:11432): dconf-CRITICAL **: 14:18:53.986: unable to create directory '/run/user/0/dconf': Permission denied.  dconf will not work properly.

(firefox:11432): dconf-CRITICAL **: 14:18:53.991: unable to create directory '/run/user/0/dconf': Permission denied.  dconf will not work properly.

(firefox:11432): dconf-CRITICAL **: 14:18:53.991: unable to create directory '/run/user/0/dconf': Permission denied.  dconf will not work properly.

(firefox:11432): dconf-CRITICAL **: 14:18:53.995: unable to create directory '/run/user/0/dconf': Permission denied.  dconf will not work properly.

(firefox:11432): dconf-CRITICAL **: 14:18:53.995: unable to create directory '/run/user/0/dconf': Permission denied.  dconf will not work properly.

(firefox:11432): dconf-CRITICAL **: 14:18:53.996: unable to create directory '/run/user/0/dconf': Permission denied.  dconf will not work properly.

(firefox:11432): dconf-CRITICAL **: 14:18:53.996: unable to create directory '/run/user/0/dconf': Permission denied.  dconf will not work properly.

(firefox:11432): dconf-CRITICAL **: 14:18:54.000: unable to create directory '/run/user/0/dconf': Permission denied.  dconf will not work properly.

(firefox:11432): dconf-CRITICAL **: 14:18:54.001: unable to create directory '/run/user/0/dconf': Permission denied.  dconf will not work properly.

(firefox:11432): dconf-CRITICAL **: 14:18:54.006: unable to create directory '/run/user/0/dconf': Permission denied.  dconf will not work properly.

(firefox:11432): dconf-CRITICAL **: 14:18:54.006: unable to create directory '/run/user/0/dconf': Permission denied.  dconf will not work properly.

(firefox:11432): dconf-CRITICAL **: 14:18:54.008: unable to create directory '/run/user/0/dconf': Permission denied.  dconf will not work properly.

(firefox:11432): dconf-CRITICAL **: 14:18:54.008: unable to create directory '/run/user/0/dconf': Permission denied.  dconf will not work properly.

(firefox:11432): dconf-CRITICAL **: 14:18:54.010: unable to create directory '/run/user/0/dconf': Permission denied.  dconf will not work properly.

(firefox:11432): dconf-CRITICAL **: 14:18:54.010: unable to create directory '/run/user/0/dconf': Permission denied.  dconf will not work properly.

(firefox:11432): dconf-CRITICAL **: 14:18:54.011: unable to create directory '/run/user/0/dconf': Permission denied.  dconf will not work properly.

(firefox:11432): dconf-CRITICAL **: 14:18:54.011: unable to create directory '/run/user/0/dconf': Permission denied.  dconf will not work properly.

(firefox:11432): dconf-CRITICAL **: 14:18:54.553: unable to create directory '/run/user/0/dconf': Permission denied.  dconf will not work properly.

(firefox:11432): dconf-CRITICAL **: 14:18:54.553: unable to create directory '/run/user/0/dconf': Permission denied.  dconf will not work properly.

(firefox:11432): dconf-CRITICAL **: 14:19:10.045: unable to create directory '/run/user/0/dconf': Permission denied.  dconf will not work properly.

(firefox:11432): dconf-CRITICAL **: 14:19:10.046: unable to create directory '/run/user/0/dconf': Permission denied.  dconf will not work properly.

(firefox:11432): dconf-CRITICAL **: 14:19:10.048: unable to create directory '/run/user/0/dconf': Permission denied.  dconf will not work properly.

(firefox:11432): dconf-CRITICAL **: 14:19:10.048: unable to create directory '/run/user/0/dconf': Permission denied.  dconf will not work properly.

(firefox:11432): dconf-CRITICAL **: 14:19:10.052: unable to create directory '/run/user/0/dconf': Permission denied.  dconf will not work properly.

(firefox:11432): dconf-CRITICAL **: 14:19:10.052: unable to create directory '/run/user/0/dconf': Permission denied.  dconf will not work properly.

(firefox:11432): dconf-CRITICAL **: 14:19:10.054: unable to create directory '/run/user/0/dconf': Permission denied.  dconf will not work properly.

(firefox:11432): dconf-CRITICAL **: 14:19:10.054: unable to create directory '/run/user/0/dconf': Permission denied.  dconf will not work properly.

(firefox:11432): dconf-CRITICAL **: 14:19:10.059: unable to create directory '/run/user/0/dconf': Permission denied.  dconf will not work properly.

(firefox:11432): dconf-CRITICAL **: 14:19:10.059: unable to create directory '/run/user/0/dconf': Permission denied.  dconf will not work properly.

(firefox:11432): dconf-CRITICAL **: 14:19:10.062: unable to create directory '/run/user/0/dconf': Permission denied.  dconf will not work properly.

(firefox:11432): dconf-CRITICAL **: 14:19:10.063: unable to create directory '/run/user/0/dconf': Permission denied.  dconf will not work properly.

(firefox:11432): dconf-CRITICAL **: 14:19:10.064: unable to create directory '/run/user/0/dconf': Permission denied.  dconf will not work properly.

(firefox:11432): dconf-CRITICAL **: 14:19:10.065: unable to create directory '/run/user/0/dconf': Permission denied.  dconf will not work properly.

(firefox:11432): dconf-CRITICAL **: 14:19:10.069: unable to create directory '/run/user/0/dconf': Permission denied.  dconf will not work properly.

(firefox:11432): dconf-CRITICAL **: 14:19:10.069: unable to create directory '/run/user/0/dconf': Permission denied.  dconf will not work properly.

(firefox:11432): dconf-CRITICAL **: 14:19:10.071: unable to create directory '/run/user/0/dconf': Permission denied.  dconf will not work properly.

(firefox:11432): dconf-CRITICAL **: 14:19:10.071: unable to create directory '/run/user/0/dconf': Permission denied.  dconf will not work properly.

(firefox:11432): dconf-CRITICAL **: 14:19:10.074: unable to create directory '/run/user/0/dconf': Permission denied.  dconf will not work properly.

(firefox:11432): dconf-CRITICAL **: 14:19:10.074: unable to create directory '/run/user/0/dconf': Permission denied.  dconf will not work properly.

(firefox:11432): dconf-CRITICAL **: 14:19:10.082: unable to create directory '/run/user/0/dconf': Permission denied.  dconf will not work properly.

(firefox:11432): dconf-CRITICAL **: 14:19:10.082: unable to create directory '/run/user/0/dconf': Permission denied.  dconf will not work properly.

(firefox:11432): dconf-CRITICAL **: 14:19:10.087: unable to create directory '/run/user/0/dconf': Permission denied.  dconf will not work properly.

(firefox:11432): dconf-CRITICAL **: 14:19:10.087: unable to create directory '/run/user/0/dconf': Permission denied.  dconf will not work properly.

(firefox:11432): dconf-CRITICAL **: 14:19:10.088: unable to create directory '/run/user/0/dconf': Permission denied.  dconf will not work properly.

(firefox:11432): dconf-CRITICAL **: 14:19:10.089: unable to create directory '/run/user/0/dconf': Permission denied.  dconf will not work properly.

(firefox:11432): dconf-CRITICAL **: 14:19:10.090: unable to create directory '/run/user/0/dconf': Permission denied.  dconf will not work properly.

(firefox:11432): dconf-CRITICAL **: 14:19:10.090: unable to create directory '/run/user/0/dconf': Permission denied.  dconf will not work properly.

(firefox:11432): dconf-CRITICAL **: 14:19:10.091: unable to create directory '/run/user/0/dconf': Permission denied.  dconf will not work properly.

(firefox:11432): dconf-CRITICAL **: 14:19:10.091: unable to create directory '/run/user/0/dconf': Permission denied.  dconf will not work properly.

(firefox:11432): dconf-CRITICAL **: 14:19:10.092: unable to create directory '/run/user/0/dconf': Permission denied.  dconf will not work properly.

(firefox:11432): dconf-CRITICAL **: 14:19:10.092: unable to create directory '/run/user/0/dconf': Permission denied.  dconf will not work properly.

(firefox:11432): dconf-CRITICAL **: 14:19:10.093: unable to create directory '/run/user/0/dconf': Permission denied.  dconf will not work properly.

(firefox:11432): dconf-CRITICAL **: 14:19:10.093: unable to create directory '/run/user/0/dconf': Permission denied.  dconf will not work properly.

(firefox:11432): dconf-CRITICAL **: 14:19:10.350: unable to create directory '/run/user/0/dconf': Permission denied.  dconf will not work properly.

(firefox:11432): dconf-CRITICAL **: 14:19:10.351: unable to create directory '/run/user/0/dconf': Permission denied.  dconf will not work properly.

(firefox:11432): dconf-CRITICAL **: 14:19:14.564: unable to create directory '/run/user/0/dconf': Permission denied.  dconf will not work properly.

(firefox:11432): dconf-CRITICAL **: 14:19:14.564: unable to create directory '/run/user/0/dconf': Permission denied.  dconf will not work properly.

(firefox:11432): dconf-CRITICAL **: 14:19:15.232: unable to create directory '/run/user/0/dconf': Permission denied.  dconf will not work properly.

(firefox:11432): dconf-CRITICAL **: 14:19:15.232: unable to create directory '/run/user/0/dconf': Permission denied.  dconf will not work properly.

(firefox:11432): dconf-CRITICAL **: 14:19:15.233: unable to create directory '/run/user/0/dconf': Permission denied.  dconf will not work properly.

(firefox:11432): dconf-CRITICAL **: 14:19:15.234: unable to create directory '/run/user/0/dconf': Permission denied.  dconf will not work properly.

(firefox:11432): dconf-CRITICAL **: 14:19:15.238: unable to create directory '/run/user/0/dconf': Permission denied.  dconf will not work properly.

(firefox:11432): dconf-CRITICAL **: 14:19:15.238: unable to create directory '/run/user/0/dconf': Permission denied.  dconf will not work properly.

(firefox:11432): dconf-CRITICAL **: 14:19:15.247: unable to create directory '/run/user/0/dconf': Permission denied.  dconf will not work properly.

(firefox:11432): dconf-CRITICAL **: 14:19:15.247: unable to create directory '/run/user/0/dconf': Permission denied.  dconf will not work properly.

(firefox:11432): dconf-CRITICAL **: 14:19:15.248: unable to create directory '/run/user/0/dconf': Permission denied.  dconf will not work properly.

(firefox:11432): dconf-CRITICAL **: 14:19:15.249: unable to create directory '/run/user/0/dconf': Permission denied.  dconf will not work properly.

(firefox:11432): dconf-CRITICAL **: 14:19:15.250: unable to create directory '/run/user/0/dconf': Permission denied.  dconf will not work properly.

(firefox:11432): dconf-CRITICAL **: 14:19:15.250: unable to create directory '/run/user/0/dconf': Permission denied.  dconf will not work properly.

(firefox:11432): dconf-CRITICAL **: 14:19:15.251: unable to create directory '/run/user/0/dconf': Permission denied.  dconf will not work properly.

(firefox:11432): dconf-CRITICAL **: 14:19:15.252: unable to create directory '/run/user/0/dconf': Permission denied.  dconf will not work properly.

(firefox:11432): dconf-CRITICAL **: 14:19:15.254: unable to create directory '/run/user/0/dconf': Permission denied.  dconf will not work properly.

(firefox:11432): dconf-CRITICAL **: 14:19:15.254: unable to create directory '/run/user/0/dconf': Permission denied.  dconf will not work properly.

(firefox:11432): dconf-CRITICAL **: 14:19:15.256: unable to create directory '/run/user/0/dconf': Permission denied.  dconf will not work properly.

(firefox:11432): dconf-CRITICAL **: 14:19:15.256: unable to create directory '/run/user/0/dconf': Permission denied.  dconf will not work properly.

(firefox:11432): dconf-CRITICAL **: 14:19:15.258: unable to create directory '/run/user/0/dconf': Permission denied.  dconf will not work properly.

(firefox:11432): dconf-CRITICAL **: 14:19:15.258: unable to create directory '/run/user/0/dconf': Permission denied.  dconf will not work properly.

(firefox:11432): dconf-CRITICAL **: 14:19:15.259: unable to create directory '/run/user/0/dconf': Permission denied.  dconf will not work properly.

(firefox:11432): dconf-CRITICAL **: 14:19:15.260: unable to create directory '/run/user/0/dconf': Permission denied.  dconf will not work properly.

(firefox:11432): dconf-CRITICAL **: 14:19:15.262: unable to create directory '/run/user/0/dconf': Permission denied.  dconf will not work properly.

(firefox:11432): dconf-CRITICAL **: 14:19:15.263: unable to create directory '/run/user/0/dconf': Permission denied.  dconf will not work properly.

(firefox:11432): dconf-CRITICAL **: 14:19:15.264: unable to create directory '/run/user/0/dconf': Permission denied.  dconf will not work properly.

(firefox:11432): dconf-CRITICAL **: 14:19:15.265: unable to create directory '/run/user/0/dconf': Permission denied.  dconf will not work properly.

(firefox:11432): dconf-CRITICAL **: 14:19:15.267: unable to create directory '/run/user/0/dconf': Permission denied.  dconf will not work properly.

(firefox:11432): dconf-CRITICAL **: 14:19:15.268: unable to create directory '/run/user/0/dconf': Permission denied.  dconf will not work properly.

(firefox:11432): dconf-CRITICAL **: 14:19:15.269: unable to create directory '/run/user/0/dconf': Permission denied.  dconf will not work properly.

(firefox:11432): dconf-CRITICAL **: 14:19:15.270: unable to create directory '/run/user/0/dconf': Permission denied.  dconf will not work properly.

(firefox:11432): dconf-CRITICAL **: 14:19:15.272: unable to create directory '/run/user/0/dconf': Permission denied.  dconf will not work properly.

(firefox:11432): dconf-CRITICAL **: 14:19:15.272: unable to create directory '/run/user/0/dconf': Permission denied.  dconf will not work properly.

(firefox:11432): dconf-CRITICAL **: 14:19:24.143: unable to create directory '/run/user/0/dconf': Permission denied.  dconf will not work properly.

(firefox:11432): dconf-CRITICAL **: 14:19:24.144: unable to create directory '/run/user/0/dconf': Permission denied.  dconf will not work properly.

(firefox:11432): dconf-CRITICAL **: 14:19:25.378: unable to create directory '/run/user/0/dconf': Permission denied.  dconf will not work properly.

(firefox:11432): dconf-CRITICAL **: 14:19:25.378: unable to create directory '/run/user/0/dconf': Permission denied.  dconf will not work properly.

(firefox:11432): dconf-CRITICAL **: 14:19:35.480: unable to create directory '/run/user/0/dconf': Permission denied.  dconf will not work properly.

(firefox:11432): dconf-CRITICAL **: 14:19:35.481: unable to create directory '/run/user/0/dconf': Permission denied.  dconf will not work properly.

(firefox:11432): dconf-CRITICAL **: 14:19:47.745: unable to create directory '/run/user/0/dconf': Permission denied.  dconf will not work properly.

(firefox:11432): dconf-CRITICAL **: 14:19:47.745: unable to create directory '/run/user/0/dconf': Permission denied.  dconf will not work properly.

(firefox:11432): dconf-CRITICAL **: 14:19:47.747: unable to create directory '/run/user/0/dconf': Permission denied.  dconf will not work properly.

(firefox:11432): dconf-CRITICAL **: 14:19:47.747: unable to create directory '/run/user/0/dconf': Permission denied.  dconf will not work properly.

(firefox:11432): dconf-CRITICAL **: 14:19:47.822: unable to create directory '/run/user/0/dconf': Permission denied.  dconf will not work properly.

(firefox:11432): dconf-CRITICAL **: 14:19:47.822: unable to create directory '/run/user/0/dconf': Permission denied.  dconf will not work properly.

(firefox:11432): dconf-CRITICAL **: 14:19:48.492: unable to create directory '/run/user/0/dconf': Permission denied.  dconf will not work properly.

(firefox:11432): dconf-CRITICAL **: 14:19:48.493: unable to create directory '/run/user/0/dconf': Permission denied.  dconf will not work properly.

(firefox:11432): dconf-CRITICAL **: 14:19:48.539: unable to create directory '/run/user/0/dconf': Permission denied.  dconf will not work properly.

(firefox:11432): dconf-CRITICAL **: 14:19:48.539: unable to create directory '/run/user/0/dconf': Permission denied.  dconf will not work properly.

(firefox:11432): dconf-CRITICAL **: 14:19:48.938: unable to create directory '/run/user/0/dconf': Permission denied.  dconf will not work properly.

(firefox:11432): dconf-CRITICAL **: 14:19:48.938: unable to create directory '/run/user/0/dconf': Permission denied.  dconf will not work properly.

(firefox:11432): dconf-CRITICAL **: 14:19:49.721: unable to create directory '/run/user/0/dconf': Permission denied.  dconf will not work properly.

(firefox:11432): dconf-CRITICAL **: 14:19:49.722: unable to create directory '/run/user/0/dconf': Permission denied.  dconf will not work properly.
console.error: BroadcastService: 
  receivedBroadcastMessage: handler for
  remote-settings/monitor_changes
  threw error:
  Message: Error: Polling for changes failed: NetworkError when attempting to fetch resource..
  Stack:
    remoteSettingsFunction/remoteSettings.pollChanges@resource://services-settings/remote-settings.js:750:13

1545900640702	Marionette	DEBUG	Closed connection 0
[Parent 11432, Gecko_IOThread] WARNING: pipe error (79): Connection reset by peer: file /build/firefox-wWf_B4/firefox-64.0+build3/ipc/chromium/src/chrome/common/ipc_channel_posix.cc, line 363
[Parent 11432, Gecko_IOThread] WARNING: pipe error (71): Connection reset by peer: file /build/firefox-wWf_B4/firefox-64.0+build3/ipc/chromium/src/chrome/common/ipc_channel_posix.cc, line 363
1545900641205	Marionette	DEBUG	Received observer notification xpcom-will-shutdown
1545900641206	Marionette	DEBUG	Resetting recommended pref app.update.disabledForTesting
1545900641206	Marionette	DEBUG	Resetting recommended pref security.turn_off_all_security_so_that_viruses_can_take_over_this_computer
1545900641207	Marionette	DEBUG	Resetting recommended pref apz.content_response_timeout
1545900641207	Marionette	DEBUG	Resetting recommended pref browser.contentblocking.introCount
1545900641208	Marionette	DEBUG	Resetting recommended pref browser.download.panel.shown
1545900641208	Marionette	DEBUG	Resetting recommended pref browser.newtabpage.enabled
1545900641209	Marionette	DEBUG	Resetting recommended pref browser.pagethumbnails.capturing_disabled
1545900641211	Marionette	DEBUG	Resetting recommended pref browser.search.update
1545900641212	Marionette	DEBUG	Resetting recommended pref browser.tabs.disableBackgroundZombification
1545900641212	Marionette	DEBUG	Resetting recommended pref browser.tabs.warnOnCloseOtherTabs
1545900641213	Marionette	DEBUG	Resetting recommended pref browser.tabs.warnOnOpen
1545900641213	Marionette	DEBUG	Resetting recommended pref browser.usedOnWindows10.introURL
1545900641213	Marionette	DEBUG	Resetting recommended pref browser.urlbar.suggest.searches
1545900641214	Marionette	DEBUG	Resetting recommended pref datareporting.policy.dataSubmissionPolicyAccepted
1545900641214	Marionette	DEBUG	Resetting recommended pref dom.disable_beforeunload
1545900641214	Marionette	DEBUG	Resetting recommended pref dom.disable_open_during_load
1545900641214	Marionette	DEBUG	Resetting recommended pref dom.file.createInChild
1545900641215	Marionette	DEBUG	Resetting recommended pref dom.max_chrome_script_run_time
1545900641215	Marionette	DEBUG	Resetting recommended pref dom.max_script_run_time
1545900641215	Marionette	DEBUG	Resetting recommended pref extensions.getAddons.cache.enabled
1545900641216	Marionette	DEBUG	Resetting recommended pref extensions.webservice.discoverURL
1545900641216	Marionette	DEBUG	Resetting recommended pref network.http.prompt-temp-redirect
1545900641216	Marionette	DEBUG	Resetting recommended pref network.http.speculative-parallel-limit
1545900641216	Marionette	DEBUG	Resetting recommended pref security.fileuri.strict_origin_policy
1545900641216	Marionette	DEBUG	Resetting recommended pref security.notification_enable_delay
1545900641216	Marionette	DEBUG	Resetting recommended pref signon.autofillForms
1545900641216	Marionette	DEBUG	Resetting recommended pref signon.rememberSignons
1545900641216	Marionette	DEBUG	Resetting recommended pref toolkit.cosmeticAnimations.enabled
1545900641217	Marionette	INFO	Stopped listening on port 44661
1545900641217	Marionette	DEBUG	Remote service is inactive
1548245268890	geckodriver	INFO	geckodriver 0.21.0
1548245268989	geckodriver	INFO	Listening on 127.0.0.1:50795
1548245269922	mozrunner::runner	INFO	Running command: "/usr/bin/firefox" "-marionette" "-foreground" "-no-remote" "-profile" "/tmp/rust_mozprofile.n0uijWfRyoiz"
1548245270936	addons.webextension.screenshots@mozilla.org	WARN	Loading extension 'screenshots@mozilla.org': Reading manifest: Invalid host permission: resource://pdf.js/
1548245270936	addons.webextension.screenshots@mozilla.org	WARN	Loading extension 'screenshots@mozilla.org': Reading manifest: Invalid host permission: about:reader*
1548245271186	Marionette	DEBUG	Received observer notification profile-after-change
1548245271578	Marionette	DEBUG	Received observer notification command-line-startup
1548245271579	Marionette	DEBUG	Received observer notification nsPref:changed
1548245271580	Marionette	DEBUG	Init aborted (running=false, enabled=true, finalUIStartup=false)
1548245272428	Marionette	DEBUG	Received observer notification toplevel-window-ready
1548245273926	Marionette	DEBUG	Received observer notification sessionstore-windows-restored
1548245273926	Marionette	DEBUG	Waiting for delayed startup...
1548245274108	Marionette	DEBUG	Setting recommended pref app.update.disabledForTesting to true
1548245274109	Marionette	DEBUG	Setting recommended pref security.turn_off_all_security_so_that_viruses_can_take_over_this_computer to true
1548245274109	Marionette	DEBUG	Setting recommended pref apz.content_response_timeout to 60000
1548245274109	Marionette	DEBUG	Setting recommended pref browser.contentblocking.introCount to 99
1548245274110	Marionette	DEBUG	Setting recommended pref browser.download.panel.shown to true
1548245274110	Marionette	DEBUG	Setting recommended pref browser.newtabpage.enabled to false
1548245274110	Marionette	DEBUG	Setting recommended pref browser.pagethumbnails.capturing_disabled to true
1548245274110	Marionette	DEBUG	Setting recommended pref browser.search.update to false
1548245274112	Marionette	DEBUG	Setting recommended pref browser.tabs.disableBackgroundZombification to false
1548245274112	Marionette	DEBUG	Setting recommended pref browser.tabs.warnOnCloseOtherTabs to false
1548245274112	Marionette	DEBUG	Setting recommended pref browser.tabs.warnOnOpen to false
1548245274113	Marionette	DEBUG	Setting recommended pref browser.usedOnWindows10.introURL to 
1548245274113	Marionette	DEBUG	Setting recommended pref browser.urlbar.suggest.searches to false
1548245274113	Marionette	DEBUG	Setting recommended pref datareporting.policy.dataSubmissionPolicyAccepted to false
1548245274113	Marionette	DEBUG	Setting recommended pref dom.disable_beforeunload to true
1548245274113	Marionette	DEBUG	Setting recommended pref dom.disable_open_during_load to false
1548245274113	Marionette	DEBUG	Setting recommended pref dom.file.createInChild to true
1548245274114	Marionette	DEBUG	Setting recommended pref dom.max_chrome_script_run_time to 0
1548245274114	Marionette	DEBUG	Setting recommended pref dom.max_script_run_time to 0
1548245274114	Marionette	DEBUG	Setting recommended pref extensions.getAddons.cache.enabled to false
1548245274114	Marionette	DEBUG	Setting recommended pref extensions.webservice.discoverURL to http://%(server)s/dummy/discoveryURL
1548245274114	Marionette	DEBUG	Setting recommended pref network.http.prompt-temp-redirect to false
1548245274114	Marionette	DEBUG	Setting recommended pref network.http.speculative-parallel-limit to 0
1548245274114	Marionette	DEBUG	Setting recommended pref security.fileuri.strict_origin_policy to false
1548245274114	Marionette	DEBUG	Setting recommended pref security.notification_enable_delay to 0
1548245274114	Marionette	DEBUG	Setting recommended pref signon.autofillForms to false
1548245274115	Marionette	DEBUG	Setting recommended pref signon.rememberSignons to false
1548245274115	Marionette	DEBUG	Setting recommended pref toolkit.cosmeticAnimations.enabled to false
1548245274286	Marionette	INFO	Listening on port 34053
1548245274286	Marionette	DEBUG	Remote service is active
1548245274415	Marionette	DEBUG	Accepted connection 0 from 127.0.0.1:42576
1548245274421	Marionette	TRACE	0 -> [0,1,"WebDriver:NewSession",{"acceptInsecureCerts":true,"browserName":"firefox","capabilities":{"desiredCapabilities":{"acceptInsecureCerts":true,"browserName":"firefox"}}}]
1548245274422	Marionette	WARN	TLS certificate errors will be ignored for this session
1548245274467	Marionette	DEBUG	[4294967297] Frame script loaded
1548245274673	Marionette	DEBUG	[4294967297] Frame script registered
1548245274682	Marionette	TRACE	0 <- [1,1,null,{"sessionId":"650dfc6e-fb7a-475c-b321-778a639db097","capabilities":{"browserName":"firefox","browserVersion":"64.0" ... alse,"moz:webdriverClick":true,"capabilities":{"desiredCapabilities":{"acceptInsecureCerts":true,"browserName":"firefox"}}}}]
1548245274693	Marionette	TRACE	0 -> [0,2,"WebDriver:Navigate",{"url":"https://www.google.co.in/search?q=ashish+jain"}]
1548245274730	Marionette	DEBUG	[4294967297] Received DOM event beforeunload for about:blank
1548245279473	Marionette	DEBUG	[4294967297] Received DOM event pagehide for about:blank
1548245280070	Marionette	DEBUG	[4294967297] Received DOM event DOMContentLoaded for https://www.google.co.in/search?q=ashish+jain
1548245280974	Marionette	DEBUG	[4294967297] Received DOM event pageshow for https://www.google.co.in/search?q=ashish+jain
1548245280982	Marionette	TRACE	0 <- [1,2,null,{"value":null}]
1548245280987	Marionette	TRACE	0 -> [0,3,"WebDriver:FindElement",{"using":"link text","value":"Images"}]
1548245281126	Marionette	TRACE	0 <- [1,3,null,{"value":{"element-6066-11e4-a52e-4f735466cecf":"4f18b984-fee0-4e33-a501-93caa3e093e1"}}]
1548245281128	Marionette	TRACE	0 -> [0,4,"WebDriver:ElementClick",{"id":"4f18b984-fee0-4e33-a501-93caa3e093e1"}]
1548245281149	Marionette	DEBUG	[4294967297] Received DOM event beforeunload for https://www.google.co.in/search?q=ashish+jain
1548245281355	Marionette	DEBUG	[4294967297] Received DOM event pagehide for https://www.google.co.in/search?q=ashish+jain
1548245281360	Marionette	DEBUG	[4294967297] Received DOM event unload for https://www.google.co.in/search?q=ashish+jain
1548245281763	Marionette	DEBUG	[4294967297] Received DOM event DOMContentLoaded for https://www.google.co.in/search?q=ashish+jain&source=lnms&tbm=isch&sa=X&ved=0ahUKEwisxZ2P74PgAhVHWH0KHTqMDjgQ_AUIDigB&biw=1299&bih=639
1548245282575	Marionette	DEBUG	[4294967297] Received DOM event pageshow for https://www.google.co.in/search?q=ashish+jain&source=lnms&tbm=isch&sa=X&ved=0ahUKEwisxZ2P74PgAhVHWH0KHTqMDjgQ_AUIDigB&biw=1299&bih=639
1548245282577	Marionette	TRACE	0 <- [1,4,null,{"value":null}]
1548245287010	Marionette	DEBUG	[6442450945] Frame script loaded
1548245287011	Marionette	DEBUG	[6442450945] Frame script registered
1548245289238	Marionette	DEBUG	[8589934593] Frame script loaded
1548245289239	Marionette	DEBUG	[8589934593] Frame script registered
1548245291336	Marionette	DEBUG	Closed connection 0
[Parent 3378, Gecko_IOThread] WARNING: pipe error (76): Connection reset by peer: file /build/firefox-wWf_B4/firefox-64.0+build3/ipc/chromium/src/chrome/common/ipc_channel_posix.cc, line 363
1548245292170	Marionette	DEBUG	Received observer notification xpcom-will-shutdown
1548245292170	Marionette	DEBUG	Resetting recommended pref app.update.disabledForTesting
1548245292170	Marionette	DEBUG	Resetting recommended pref security.turn_off_all_security_so_that_viruses_can_take_over_this_computer
1548245292170	Marionette	DEBUG	Resetting recommended pref apz.content_response_timeout
1548245292170	Marionette	DEBUG	Resetting recommended pref browser.contentblocking.introCount
1548245292170	Marionette	DEBUG	Resetting recommended pref browser.download.panel.shown
1548245292171	Marionette	DEBUG	Resetting recommended pref browser.newtabpage.enabled
1548245292171	Marionette	DEBUG	Resetting recommended pref browser.pagethumbnails.capturing_disabled
1548245292171	Marionette	DEBUG	Resetting recommended pref browser.search.update
1548245292171	Marionette	DEBUG	Resetting recommended pref browser.tabs.disableBackgroundZombification
1548245292172	Marionette	DEBUG	Resetting recommended pref browser.tabs.warnOnCloseOtherTabs
1548245292172	Marionette	DEBUG	Resetting recommended pref browser.tabs.warnOnOpen
1548245292172	Marionette	DEBUG	Resetting recommended pref browser.usedOnWindows10.introURL
1548245292172	Marionette	DEBUG	Resetting recommended pref browser.urlbar.suggest.searches
1548245292172	Marionette	DEBUG	Resetting recommended pref datareporting.policy.dataSubmissionPolicyAccepted
1548245292172	Marionette	DEBUG	Resetting recommended pref dom.disable_beforeunload
1548245292172	Marionette	DEBUG	Resetting recommended pref dom.disable_open_during_load
1548245292172	Marionette	DEBUG	Resetting recommended pref dom.file.createInChild
1548245292173	Marionette	DEBUG	Resetting recommended pref dom.max_chrome_script_run_time
1548245292173	Marionette	DEBUG	Resetting recommended pref dom.max_script_run_time
1548245292173	Marionette	DEBUG	Resetting recommended pref extensions.getAddons.cache.enabled
1548245292173	Marionette	DEBUG	Resetting recommended pref extensions.webservice.discoverURL
1548245292173	Marionette	DEBUG	Resetting recommended pref network.http.prompt-temp-redirect
1548245292173	Marionette	DEBUG	Resetting recommended pref network.http.speculative-parallel-limit
1548245292173	Marionette	DEBUG	Resetting recommended pref security.fileuri.strict_origin_policy
1548245292173	Marionette	DEBUG	Resetting recommended pref security.notification_enable_delay
1548245292173	Marionette	DEBUG	Resetting recommended pref signon.autofillForms
1548245292173	Marionette	DEBUG	Resetting recommended pref signon.rememberSignons
1548245292174	Marionette	DEBUG	Resetting recommended pref toolkit.cosmeticAnimations.enabled
1548245292174	Marionette	INFO	Stopped listening on port 34053
1548245292174	Marionette	DEBUG	Remote service is inactive
